{"D:\\Akash\\projects\\javascript\\logoexecutive\\server\\app.js": {"path":"D:\\Akash\\projects\\javascript\\logoexecutive\\server\\app.js","statementMap":{"0":{"start":{"line":1,"column":16},"end":{"line":1,"column":34}},"1":{"start":{"line":2,"column":21},"end":{"line":2,"column":45}},"2":{"start":{"line":4,"column":15},"end":{"line":4,"column":34}},"3":{"start":{"line":5,"column":40},"end":{"line":5,"column":64}},"4":{"start":{"line":7,"column":12},"end":{"line":7,"column":21}},"5":{"start":{"line":9,"column":0},"end":{"line":9,"column":24}},"6":{"start":{"line":10,"column":0},"end":{"line":10,"column":24}},"7":{"start":{"line":12,"column":0},"end":{"line":12,"column":25}},"8":{"start":{"line":14,"column":0},"end":{"line":14,"column":23}},"9":{"start":{"line":15,"column":0},"end":{"line":15,"column":22}},"10":{"start":{"line":17,"column":0},"end":{"line":17,"column":21}}},"fnMap":{},"branchMap":{},"s":{"0":19,"1":19,"2":19,"3":19,"4":19,"5":19,"6":19,"7":19,"8":19,"9":19,"10":19},"f":{},"b":{},"_coverageSchema":"1a1c01bbd47fc00a2c39e90264f33305004495a9","hash":"7090d4af1023936e6f80117380b056ea8966196a"}
,"D:\\Akash\\projects\\javascript\\logoexecutive\\server\\controllers\\admin\\add.js": {"path":"D:\\Akash\\projects\\javascript\\logoexecutive\\server\\controllers\\admin\\add.js","statementMap":{"0":{"start":{"line":1,"column":12},"end":{"line":1,"column":26}},"1":{"start":{"line":2,"column":25},"end":{"line":2,"column":40}},"2":{"start":{"line":3,"column":25},"end":{"line":3,"column":50}},"3":{"start":{"line":5,"column":23},"end":{"line":17,"column":2}},"4":{"start":{"line":19,"column":27},"end":{"line":50,"column":1}},"5":{"start":{"line":20,"column":2},"end":{"line":49,"column":3}},"6":{"start":{"line":21,"column":18},"end":{"line":21,"column":32}},"7":{"start":{"line":22,"column":22},"end":{"line":22,"column":55}},"8":{"start":{"line":23,"column":4},"end":{"line":29,"column":5}},"9":{"start":{"line":24,"column":6},"end":{"line":28,"column":9}},"10":{"start":{"line":31,"column":21},"end":{"line":31,"column":46}},"11":{"start":{"line":32,"column":4},"end":{"line":38,"column":5}},"12":{"start":{"line":33,"column":6},"end":{"line":37,"column":9}},"13":{"start":{"line":40,"column":4},"end":{"line":42,"column":5}},"14":{"start":{"line":41,"column":6},"end":{"line":41,"column":36}},"15":{"start":{"line":43,"column":4},"end":{"line":46,"column":7}},"16":{"start":{"line":48,"column":4},"end":{"line":48,"column":14}},"17":{"start":{"line":52,"column":0},"end":{"line":52,"column":36}}},"fnMap":{"0":{"name":"(anonymous_0)","decl":{"start":{"line":19,"column":27},"end":{"line":19,"column":28}},"loc":{"start":{"line":19,"column":53},"end":{"line":50,"column":1}},"line":19}},"branchMap":{"0":{"loc":{"start":{"line":23,"column":4},"end":{"line":29,"column":5}},"type":"if","locations":[{"start":{"line":23,"column":4},"end":{"line":29,"column":5}},{"start":{},"end":{}}],"line":23},"1":{"loc":{"start":{"line":32,"column":4},"end":{"line":38,"column":5}},"type":"if","locations":[{"start":{"line":32,"column":4},"end":{"line":38,"column":5}},{"start":{},"end":{}}],"line":32},"2":{"loc":{"start":{"line":40,"column":4},"end":{"line":42,"column":5}},"type":"if","locations":[{"start":{"line":40,"column":4},"end":{"line":42,"column":5}},{"start":{},"end":{}}],"line":40}},"s":{"0":19,"1":19,"2":19,"3":19,"4":19,"5":8,"6":8,"7":8,"8":8,"9":4,"10":4,"11":3,"12":1,"13":2,"14":1,"15":1,"16":1,"17":19},"f":{"0":8},"b":{"0":[4,4],"1":[1,2],"2":[1,1]},"_coverageSchema":"1a1c01bbd47fc00a2c39e90264f33305004495a9","hash":"5425f88289c5cb1f934a6a602fb6db910f1288bc"}
,"D:\\Akash\\projects\\javascript\\logoexecutive\\server\\controllers\\admin\\data.js": {"path":"D:\\Akash\\projects\\javascript\\logoexecutive\\server\\controllers\\admin\\data.js","statementMap":{"0":{"start":{"line":1,"column":47},"end":{"line":1,"column":72}},"1":{"start":{"line":2,"column":25},"end":{"line":2,"column":40}},"2":{"start":{"line":4,"column":28},"end":{"line":29,"column":1}},"3":{"start":{"line":5,"column":2},"end":{"line":28,"column":3}},"4":{"start":{"line":6,"column":23},"end":{"line":6,"column":35}},"5":{"start":{"line":7,"column":17},"end":{"line":7,"column":46}},"6":{"start":{"line":8,"column":4},"end":{"line":14,"column":5}},"7":{"start":{"line":9,"column":6},"end":{"line":13,"column":9}},"8":{"start":{"line":15,"column":22},"end":{"line":15,"column":53}},"9":{"start":{"line":16,"column":4},"end":{"line":20,"column":9}},"10":{"start":{"line":17,"column":6},"end":{"line":20,"column":9}},"11":{"start":{"line":22,"column":4},"end":{"line":25,"column":7}},"12":{"start":{"line":27,"column":4},"end":{"line":27,"column":14}},"13":{"start":{"line":31,"column":0},"end":{"line":31,"column":41}}},"fnMap":{"0":{"name":"(anonymous_0)","decl":{"start":{"line":4,"column":28},"end":{"line":4,"column":29}},"loc":{"start":{"line":4,"column":54},"end":{"line":29,"column":1}},"line":4}},"branchMap":{"0":{"loc":{"start":{"line":8,"column":4},"end":{"line":14,"column":5}},"type":"if","locations":[{"start":{"line":8,"column":4},"end":{"line":14,"column":5}},{"start":{},"end":{}}],"line":8},"1":{"loc":{"start":{"line":16,"column":4},"end":{"line":20,"column":9}},"type":"if","locations":[{"start":{"line":16,"column":4},"end":{"line":20,"column":9}},{"start":{},"end":{}}],"line":16}},"s":{"0":19,"1":19,"2":19,"3":4,"4":4,"5":4,"6":3,"7":1,"8":2,"9":2,"10":1,"11":1,"12":1,"13":19},"f":{"0":4},"b":{"0":[1,2],"1":[1,1]},"_coverageSchema":"1a1c01bbd47fc00a2c39e90264f33305004495a9","hash":"d139fa88c819e00d2ff7b2b515bda64611f193ae"}
,"D:\\Akash\\projects\\javascript\\logoexecutive\\server\\controllers\\admin\\upload.js": {"path":"D:\\Akash\\projects\\javascript\\logoexecutive\\server\\controllers\\admin\\upload.js","statementMap":{"0":{"start":{"line":1,"column":40},"end":{"line":1,"column":65}},"1":{"start":{"line":2,"column":25},"end":{"line":2,"column":40}},"2":{"start":{"line":3,"column":12},"end":{"line":3,"column":26}},"3":{"start":{"line":4,"column":19},"end":{"line":4,"column":51}},"4":{"start":{"line":6,"column":24},"end":{"line":12,"column":4}},"5":{"start":{"line":15,"column":2},"end":{"line":71,"column":3}},"6":{"start":{"line":16,"column":21},"end":{"line":16,"column":33}},"7":{"start":{"line":17,"column":24},"end":{"line":17,"column":32}},"8":{"start":{"line":18,"column":17},"end":{"line":18,"column":25}},"9":{"start":{"line":20,"column":4},"end":{"line":28,"column":5}},"10":{"start":{"line":21,"column":6},"end":{"line":27,"column":9}},"11":{"start":{"line":30,"column":22},"end":{"line":30,"column":57}},"12":{"start":{"line":31,"column":4},"end":{"line":37,"column":5}},"13":{"start":{"line":32,"column":6},"end":{"line":36,"column":9}},"14":{"start":{"line":38,"column":27},"end":{"line":38,"column":47}},"15":{"start":{"line":39,"column":22},"end":{"line":39,"column":63}},"16":{"start":{"line":40,"column":22},"end":{"line":40,"column":31}},"17":{"start":{"line":41,"column":21},"end":{"line":41,"column":27}},"18":{"start":{"line":43,"column":16},"end":{"line":43,"column":60}},"19":{"start":{"line":44,"column":4},"end":{"line":50,"column":5}},"20":{"start":{"line":45,"column":6},"end":{"line":49,"column":9}},"21":{"start":{"line":51,"column":22},"end":{"line":55,"column":5}},"22":{"start":{"line":56,"column":4},"end":{"line":62,"column":5}},"23":{"start":{"line":57,"column":6},"end":{"line":61,"column":9}},"24":{"start":{"line":64,"column":4},"end":{"line":68,"column":7}},"25":{"start":{"line":70,"column":4},"end":{"line":70,"column":14}},"26":{"start":{"line":74,"column":0},"end":{"line":74,"column":43}}},"fnMap":{"0":{"name":"adminUploadController","decl":{"start":{"line":14,"column":15},"end":{"line":14,"column":36}},"loc":{"start":{"line":14,"column":53},"end":{"line":72,"column":1}},"line":14}},"branchMap":{"0":{"loc":{"start":{"line":20,"column":4},"end":{"line":28,"column":5}},"type":"if","locations":[{"start":{"line":20,"column":4},"end":{"line":28,"column":5}},{"start":{},"end":{}}],"line":20},"1":{"loc":{"start":{"line":20,"column":8},"end":{"line":20,"column":27}},"type":"binary-expr","locations":[{"start":{"line":20,"column":8},"end":{"line":20,"column":18}},{"start":{"line":20,"column":22},"end":{"line":20,"column":27}}],"line":20},"2":{"loc":{"start":{"line":23,"column":17},"end":{"line":25,"column":36}},"type":"cond-expr","locations":[{"start":{"line":24,"column":12},"end":{"line":24,"column":36}},{"start":{"line":25,"column":12},"end":{"line":25,"column":36}}],"line":23},"3":{"loc":{"start":{"line":31,"column":4},"end":{"line":37,"column":5}},"type":"if","locations":[{"start":{"line":31,"column":4},"end":{"line":37,"column":5}},{"start":{},"end":{}}],"line":31},"4":{"loc":{"start":{"line":44,"column":4},"end":{"line":50,"column":5}},"type":"if","locations":[{"start":{"line":44,"column":4},"end":{"line":50,"column":5}},{"start":{},"end":{}}],"line":44},"5":{"loc":{"start":{"line":56,"column":4},"end":{"line":62,"column":5}},"type":"if","locations":[{"start":{"line":56,"column":4},"end":{"line":62,"column":5}},{"start":{},"end":{}}],"line":56}},"s":{"0":19,"1":19,"2":19,"3":19,"4":19,"5":8,"6":8,"7":8,"8":8,"9":8,"10":3,"11":5,"12":5,"13":1,"14":4,"15":4,"16":4,"17":4,"18":4,"19":4,"20":1,"21":4,"22":3,"23":2,"24":2,"25":3,"26":19},"f":{"0":8},"b":{"0":[3,5],"1":[8,6],"2":[2,1],"3":[1,4],"4":[1,3],"5":[2,1]},"_coverageSchema":"1a1c01bbd47fc00a2c39e90264f33305004495a9","hash":"e6868e58c8208de3f60d63b4783c9a1fbc18b685"}
,"D:\\Akash\\projects\\javascript\\logoexecutive\\server\\controllers\\auth\\forgot-password.js": {"path":"D:\\Akash\\projects\\javascript\\logoexecutive\\server\\controllers\\auth\\forgot-password.js","statementMap":{"0":{"start":{"line":1,"column":12},"end":{"line":1,"column":26}},"1":{"start":{"line":2,"column":25},"end":{"line":2,"column":40}},"2":{"start":{"line":3,"column":48},"end":{"line":3,"column":73}},"3":{"start":{"line":4,"column":22},"end":{"line":4,"column":54}},"4":{"start":{"line":6,"column":29},"end":{"line":16,"column":2}},"5":{"start":{"line":18,"column":17},"end":{"line":21,"column":2}},"6":{"start":{"line":18,"column":27},"end":{"line":21,"column":1}},"7":{"start":{"line":24,"column":2},"end":{"line":66,"column":3}},"8":{"start":{"line":25,"column":29},"end":{"line":25,"column":68}},"9":{"start":{"line":26,"column":4},"end":{"line":31,"column":9}},"10":{"start":{"line":27,"column":6},"end":{"line":31,"column":9}},"11":{"start":{"line":33,"column":22},"end":{"line":33,"column":27}},"12":{"start":{"line":34,"column":17},"end":{"line":34,"column":46}},"13":{"start":{"line":35,"column":4},"end":{"line":40,"column":9}},"14":{"start":{"line":36,"column":6},"end":{"line":40,"column":9}},"15":{"start":{"line":42,"column":22},"end":{"line":42,"column":58}},"16":{"start":{"line":43,"column":4},"end":{"line":48,"column":9}},"17":{"start":{"line":44,"column":6},"end":{"line":48,"column":9}},"18":{"start":{"line":50,"column":17},"end":{"line":50,"column":50}},"19":{"start":{"line":51,"column":26},"end":{"line":51,"column":78}},"20":{"start":{"line":52,"column":4},"end":{"line":57,"column":9}},"21":{"start":{"line":53,"column":6},"end":{"line":57,"column":9}},"22":{"start":{"line":59,"column":4},"end":{"line":63,"column":7}},"23":{"start":{"line":65,"column":4},"end":{"line":65,"column":14}},"24":{"start":{"line":69,"column":0},"end":{"line":69,"column":42}}},"fnMap":{"0":{"name":"(anonymous_0)","decl":{"start":{"line":18,"column":17},"end":{"line":18,"column":18}},"loc":{"start":{"line":18,"column":27},"end":{"line":21,"column":1}},"line":18},"1":{"name":"forgotPasswordController","decl":{"start":{"line":23,"column":15},"end":{"line":23,"column":39}},"loc":{"start":{"line":23,"column":56},"end":{"line":67,"column":1}},"line":23}},"branchMap":{"0":{"loc":{"start":{"line":26,"column":4},"end":{"line":31,"column":9}},"type":"if","locations":[{"start":{"line":26,"column":4},"end":{"line":31,"column":9}},{"start":{},"end":{}}],"line":26},"1":{"loc":{"start":{"line":35,"column":4},"end":{"line":40,"column":9}},"type":"if","locations":[{"start":{"line":35,"column":4},"end":{"line":40,"column":9}},{"start":{},"end":{}}],"line":35},"2":{"loc":{"start":{"line":43,"column":4},"end":{"line":48,"column":9}},"type":"if","locations":[{"start":{"line":43,"column":4},"end":{"line":48,"column":9}},{"start":{},"end":{}}],"line":43},"3":{"loc":{"start":{"line":52,"column":4},"end":{"line":57,"column":9}},"type":"if","locations":[{"start":{"line":52,"column":4},"end":{"line":57,"column":9}},{"start":{},"end":{}}],"line":52}},"s":{"0":19,"1":19,"2":19,"3":19,"4":19,"5":19,"6":2,"7":7,"8":7,"9":7,"10":2,"11":5,"12":5,"13":4,"14":1,"15":3,"16":3,"17":1,"18":2,"19":2,"20":2,"21":1,"22":1,"23":1,"24":19},"f":{"0":2,"1":7},"b":{"0":[2,5],"1":[1,3],"2":[1,2],"3":[1,1]},"_coverageSchema":"1a1c01bbd47fc00a2c39e90264f33305004495a9","hash":"7012da1c458475d706ae38e8ed54f49b860e91b9"}
,"D:\\Akash\\projects\\javascript\\logoexecutive\\server\\controllers\\auth\\reset-password.js": {"path":"D:\\Akash\\projects\\javascript\\logoexecutive\\server\\controllers\\auth\\reset-password.js","statementMap":{"0":{"start":{"line":1,"column":12},"end":{"line":1,"column":26}},"1":{"start":{"line":2,"column":12},"end":{"line":2,"column":35}},"2":{"start":{"line":3,"column":15},"end":{"line":3,"column":32}},"3":{"start":{"line":4,"column":25},"end":{"line":4,"column":40}},"4":{"start":{"line":10,"column":4},"end":{"line":10,"column":29}},"5":{"start":{"line":12,"column":22},"end":{"line":16,"column":2}},"6":{"start":{"line":19,"column":2},"end":{"line":55,"column":3}},"7":{"start":{"line":20,"column":29},"end":{"line":20,"column":62}},"8":{"start":{"line":21,"column":4},"end":{"line":26,"column":9}},"9":{"start":{"line":22,"column":6},"end":{"line":26,"column":9}},"10":{"start":{"line":28,"column":22},"end":{"line":28,"column":57}},"11":{"start":{"line":29,"column":4},"end":{"line":34,"column":9}},"12":{"start":{"line":30,"column":6},"end":{"line":34,"column":9}},"13":{"start":{"line":36,"column":4},"end":{"line":41,"column":9}},"14":{"start":{"line":37,"column":6},"end":{"line":41,"column":9}},"15":{"start":{"line":43,"column":4},"end":{"line":49,"column":6}},"16":{"start":{"line":50,"column":4},"end":{"line":52,"column":7}},"17":{"start":{"line":54,"column":4},"end":{"line":54,"column":14}},"18":{"start":{"line":58,"column":20},"end":{"line":75,"column":2}},"19":{"start":{"line":77,"column":14},"end":{"line":129,"column":1}},"20":{"start":{"line":78,"column":2},"end":{"line":128,"column":3}},"21":{"start":{"line":79,"column":37},"end":{"line":79,"column":48}},"22":{"start":{"line":80,"column":4},"end":{"line":86,"column":5}},"23":{"start":{"line":81,"column":6},"end":{"line":85,"column":9}},"24":{"start":{"line":88,"column":24},"end":{"line":91,"column":5}},"25":{"start":{"line":92,"column":23},"end":{"line":92,"column":34}},"26":{"start":{"line":93,"column":29},"end":{"line":93,"column":59}},"27":{"start":{"line":94,"column":4},"end":{"line":100,"column":5}},"28":{"start":{"line":95,"column":6},"end":{"line":99,"column":9}},"29":{"start":{"line":102,"column":27},"end":{"line":102,"column":67}},"30":{"start":{"line":103,"column":20},"end":{"line":103,"column":49}},"31":{"start":{"line":104,"column":19},"end":{"line":104,"column":70}},"32":{"start":{"line":105,"column":4},"end":{"line":125,"column":5}},"33":{"start":{"line":106,"column":27},"end":{"line":106,"column":62}},"34":{"start":{"line":107,"column":6},"end":{"line":113,"column":7}},"35":{"start":{"line":108,"column":8},"end":{"line":112,"column":11}},"36":{"start":{"line":114,"column":6},"end":{"line":114,"column":44}},"37":{"start":{"line":115,"column":6},"end":{"line":118,"column":9}},"38":{"start":{"line":120,"column":6},"end":{"line":124,"column":9}},"39":{"start":{"line":127,"column":4},"end":{"line":127,"column":16}},"40":{"start":{"line":131,"column":0},"end":{"line":131,"column":32}}},"fnMap":{"0":{"name":"get","decl":{"start":{"line":18,"column":15},"end":{"line":18,"column":18}},"loc":{"start":{"line":18,"column":35},"end":{"line":56,"column":1}},"line":18},"1":{"name":"(anonymous_1)","decl":{"start":{"line":77,"column":14},"end":{"line":77,"column":15}},"loc":{"start":{"line":77,"column":40},"end":{"line":129,"column":1}},"line":77}},"branchMap":{"0":{"loc":{"start":{"line":21,"column":4},"end":{"line":26,"column":9}},"type":"if","locations":[{"start":{"line":21,"column":4},"end":{"line":26,"column":9}},{"start":{},"end":{}}],"line":21},"1":{"loc":{"start":{"line":29,"column":4},"end":{"line":34,"column":9}},"type":"if","locations":[{"start":{"line":29,"column":4},"end":{"line":34,"column":9}},{"start":{},"end":{}}],"line":29},"2":{"loc":{"start":{"line":36,"column":4},"end":{"line":41,"column":9}},"type":"if","locations":[{"start":{"line":36,"column":4},"end":{"line":41,"column":9}},{"start":{},"end":{}}],"line":36},"3":{"loc":{"start":{"line":80,"column":4},"end":{"line":86,"column":5}},"type":"if","locations":[{"start":{"line":80,"column":4},"end":{"line":86,"column":5}},{"start":{},"end":{}}],"line":80},"4":{"loc":{"start":{"line":94,"column":4},"end":{"line":100,"column":5}},"type":"if","locations":[{"start":{"line":94,"column":4},"end":{"line":100,"column":5}},{"start":{},"end":{}}],"line":94},"5":{"loc":{"start":{"line":105,"column":4},"end":{"line":125,"column":5}},"type":"if","locations":[{"start":{"line":105,"column":4},"end":{"line":125,"column":5}},{"start":{"line":119,"column":11},"end":{"line":125,"column":5}}],"line":105},"6":{"loc":{"start":{"line":107,"column":6},"end":{"line":113,"column":7}},"type":"if","locations":[{"start":{"line":107,"column":6},"end":{"line":113,"column":7}},{"start":{},"end":{}}],"line":107},"7":{"loc":{"start":{"line":107,"column":10},"end":{"line":107,"column":73}},"type":"binary-expr","locations":[{"start":{"line":107,"column":10},"end":{"line":107,"column":33}},{"start":{"line":107,"column":37},"end":{"line":107,"column":73}}],"line":107}},"s":{"0":19,"1":19,"2":19,"3":19,"4":19,"5":19,"6":5,"7":5,"8":5,"9":1,"10":4,"11":3,"12":1,"13":2,"14":1,"15":1,"16":1,"17":1,"18":19,"19":19,"20":9,"21":9,"22":9,"23":1,"24":8,"25":8,"26":8,"27":8,"28":4,"29":4,"30":4,"31":3,"32":3,"33":2,"34":2,"35":1,"36":1,"37":1,"38":1,"39":1,"40":19},"f":{"0":5,"1":9},"b":{"0":[1,4],"1":[1,2],"2":[1,1],"3":[1,8],"4":[4,4],"5":[2,1],"6":[1,1],"7":[2,2]},"_coverageSchema":"1a1c01bbd47fc00a2c39e90264f33305004495a9","hash":"b5aa54df1659277a39842e2027249857d5a4a271"}
,"D:\\Akash\\projects\\javascript\\logoexecutive\\server\\controllers\\auth\\signin.js": {"path":"D:\\Akash\\projects\\javascript\\logoexecutive\\server\\controllers\\auth\\signin.js","statementMap":{"0":{"start":{"line":1,"column":12},"end":{"line":1,"column":26}},"1":{"start":{"line":2,"column":14},"end":{"line":2,"column":30}},"2":{"start":{"line":3,"column":25},"end":{"line":3,"column":40}},"3":{"start":{"line":4,"column":29},"end":{"line":4,"column":54}},"4":{"start":{"line":6,"column":28},"end":{"line":20,"column":2}},"5":{"start":{"line":23,"column":2},"end":{"line":64,"column":3}},"6":{"start":{"line":24,"column":30},"end":{"line":24,"column":33}},"7":{"start":{"line":25,"column":29},"end":{"line":25,"column":66}},"8":{"start":{"line":26,"column":4},"end":{"line":31,"column":9}},"9":{"start":{"line":27,"column":6},"end":{"line":31,"column":9}},"10":{"start":{"line":33,"column":32},"end":{"line":33,"column":37}},"11":{"start":{"line":34,"column":17},"end":{"line":34,"column":46}},"12":{"start":{"line":35,"column":4},"end":{"line":40,"column":9}},"13":{"start":{"line":36,"column":6},"end":{"line":40,"column":9}},"14":{"start":{"line":42,"column":4},"end":{"line":47,"column":9}},"15":{"start":{"line":43,"column":6},"end":{"line":47,"column":9}},"16":{"start":{"line":49,"column":26},"end":{"line":49,"column":60}},"17":{"start":{"line":50,"column":4},"end":{"line":56,"column":5}},"18":{"start":{"line":51,"column":6},"end":{"line":55,"column":9}},"19":{"start":{"line":58,"column":4},"end":{"line":60,"column":7}},"20":{"start":{"line":61,"column":4},"end":{"line":61,"column":67}},"21":{"start":{"line":63,"column":4},"end":{"line":63,"column":14}},"22":{"start":{"line":67,"column":0},"end":{"line":67,"column":34}}},"fnMap":{"0":{"name":"signinController","decl":{"start":{"line":22,"column":15},"end":{"line":22,"column":31}},"loc":{"start":{"line":22,"column":48},"end":{"line":65,"column":1}},"line":22}},"branchMap":{"0":{"loc":{"start":{"line":26,"column":4},"end":{"line":31,"column":9}},"type":"if","locations":[{"start":{"line":26,"column":4},"end":{"line":31,"column":9}},{"start":{},"end":{}}],"line":26},"1":{"loc":{"start":{"line":35,"column":4},"end":{"line":40,"column":9}},"type":"if","locations":[{"start":{"line":35,"column":4},"end":{"line":40,"column":9}},{"start":{},"end":{}}],"line":35},"2":{"loc":{"start":{"line":42,"column":4},"end":{"line":47,"column":9}},"type":"if","locations":[{"start":{"line":42,"column":4},"end":{"line":47,"column":9}},{"start":{},"end":{}}],"line":42},"3":{"loc":{"start":{"line":50,"column":4},"end":{"line":56,"column":5}},"type":"if","locations":[{"start":{"line":50,"column":4},"end":{"line":56,"column":5}},{"start":{},"end":{}}],"line":50}},"s":{"0":19,"1":19,"2":19,"3":19,"4":19,"5":9,"6":9,"7":9,"8":9,"9":4,"10":5,"11":5,"12":4,"13":1,"14":3,"15":1,"16":2,"17":2,"18":1,"19":1,"20":1,"21":1,"22":19},"f":{"0":9},"b":{"0":[4,5],"1":[1,3],"2":[1,2],"3":[1,1]},"_coverageSchema":"1a1c01bbd47fc00a2c39e90264f33305004495a9","hash":"049756328557b6f2ce0c7ffcbf95ea16c5f41040"}
,"D:\\Akash\\projects\\javascript\\logoexecutive\\server\\controllers\\auth\\signout.js": {"path":"D:\\Akash\\projects\\javascript\\logoexecutive\\server\\controllers\\auth\\signout.js","statementMap":{"0":{"start":{"line":1,"column":25},"end":{"line":1,"column":40}},"1":{"start":{"line":4,"column":2},"end":{"line":19,"column":3}},"2":{"start":{"line":5,"column":20},"end":{"line":5,"column":31}},"3":{"start":{"line":6,"column":4},"end":{"line":12,"column":5}},"4":{"start":{"line":7,"column":6},"end":{"line":11,"column":9}},"5":{"start":{"line":14,"column":4},"end":{"line":14,"column":27}},"6":{"start":{"line":15,"column":4},"end":{"line":15,"column":20}},"7":{"start":{"line":16,"column":4},"end":{"line":16,"column":15}},"8":{"start":{"line":18,"column":4},"end":{"line":18,"column":14}},"9":{"start":{"line":22,"column":0},"end":{"line":22,"column":35}}},"fnMap":{"0":{"name":"signoutController","decl":{"start":{"line":3,"column":9},"end":{"line":3,"column":26}},"loc":{"start":{"line":3,"column":37},"end":{"line":20,"column":1}},"line":3}},"branchMap":{"0":{"loc":{"start":{"line":6,"column":4},"end":{"line":12,"column":5}},"type":"if","locations":[{"start":{"line":6,"column":4},"end":{"line":12,"column":5}},{"start":{},"end":{}}],"line":6}},"s":{"0":19,"1":2,"2":2,"3":2,"4":1,"5":1,"6":1,"7":1,"8":0,"9":19},"f":{"0":2},"b":{"0":[1,1]},"_coverageSchema":"1a1c01bbd47fc00a2c39e90264f33305004495a9","hash":"5d1753a064756a460d513cb4601afeaf69b0a09e"}
,"D:\\Akash\\projects\\javascript\\logoexecutive\\server\\controllers\\auth\\signup.js": {"path":"D:\\Akash\\projects\\javascript\\logoexecutive\\server\\controllers\\auth\\signup.js","statementMap":{"0":{"start":{"line":1,"column":12},"end":{"line":1,"column":26}},"1":{"start":{"line":2,"column":25},"end":{"line":2,"column":40}},"2":{"start":{"line":3,"column":22},"end":{"line":3,"column":54}},"3":{"start":{"line":5,"column":44},"end":{"line":5,"column":69}},"4":{"start":{"line":7,"column":28},"end":{"line":54,"column":2}},"5":{"start":{"line":57,"column":2},"end":{"line":132,"column":3}},"6":{"start":{"line":58,"column":29},"end":{"line":58,"column":67}},"7":{"start":{"line":59,"column":4},"end":{"line":65,"column":5}},"8":{"start":{"line":60,"column":6},"end":{"line":64,"column":9}},"9":{"start":{"line":67,"column":22},"end":{"line":67,"column":27}},"10":{"start":{"line":68,"column":24},"end":{"line":68,"column":54}},"11":{"start":{"line":69,"column":4},"end":{"line":75,"column":5}},"12":{"start":{"line":70,"column":6},"end":{"line":74,"column":9}},"13":{"start":{"line":77,"column":20},"end":{"line":77,"column":43}},"14":{"start":{"line":78,"column":4},"end":{"line":86,"column":5}},"15":{"start":{"line":79,"column":6},"end":{"line":85,"column":8}},"16":{"start":{"line":88,"column":27},"end":{"line":88,"column":67}},"17":{"start":{"line":89,"column":4},"end":{"line":97,"column":5}},"18":{"start":{"line":90,"column":6},"end":{"line":96,"column":8}},"19":{"start":{"line":99,"column":30},"end":{"line":99,"column":69}},"20":{"start":{"line":100,"column":4},"end":{"line":107,"column":8}},"21":{"start":{"line":101,"column":6},"end":{"line":107,"column":8}},"22":{"start":{"line":109,"column":21},"end":{"line":113,"column":5}},"23":{"start":{"line":114,"column":4},"end":{"line":122,"column":5}},"24":{"start":{"line":115,"column":6},"end":{"line":121,"column":8}},"25":{"start":{"line":124,"column":4},"end":{"line":129,"column":6}},"26":{"start":{"line":131,"column":4},"end":{"line":131,"column":14}},"27":{"start":{"line":135,"column":0},"end":{"line":135,"column":34}}},"fnMap":{"0":{"name":"signupController","decl":{"start":{"line":56,"column":15},"end":{"line":56,"column":31}},"loc":{"start":{"line":56,"column":48},"end":{"line":133,"column":1}},"line":56}},"branchMap":{"0":{"loc":{"start":{"line":59,"column":4},"end":{"line":65,"column":5}},"type":"if","locations":[{"start":{"line":59,"column":4},"end":{"line":65,"column":5}},{"start":{},"end":{}}],"line":59},"1":{"loc":{"start":{"line":69,"column":4},"end":{"line":75,"column":5}},"type":"if","locations":[{"start":{"line":69,"column":4},"end":{"line":75,"column":5}},{"start":{},"end":{}}],"line":69},"2":{"loc":{"start":{"line":78,"column":4},"end":{"line":86,"column":5}},"type":"if","locations":[{"start":{"line":78,"column":4},"end":{"line":86,"column":5}},{"start":{},"end":{}}],"line":78},"3":{"loc":{"start":{"line":89,"column":4},"end":{"line":97,"column":5}},"type":"if","locations":[{"start":{"line":89,"column":4},"end":{"line":97,"column":5}},{"start":{},"end":{}}],"line":89},"4":{"loc":{"start":{"line":100,"column":4},"end":{"line":107,"column":8}},"type":"if","locations":[{"start":{"line":100,"column":4},"end":{"line":107,"column":8}},{"start":{},"end":{}}],"line":100},"5":{"loc":{"start":{"line":114,"column":4},"end":{"line":122,"column":5}},"type":"if","locations":[{"start":{"line":114,"column":4},"end":{"line":122,"column":5}},{"start":{},"end":{}}],"line":114}},"s":{"0":19,"1":19,"2":19,"3":19,"4":19,"5":16,"6":16,"7":16,"8":9,"9":7,"10":7,"11":6,"12":1,"13":5,"14":5,"15":1,"16":4,"17":4,"18":1,"19":3,"20":3,"21":1,"22":2,"23":2,"24":1,"25":1,"26":1,"27":19},"f":{"0":16},"b":{"0":[9,7],"1":[1,5],"2":[1,4],"3":[1,3],"4":[1,2],"5":[1,1]},"_coverageSchema":"1a1c01bbd47fc00a2c39e90264f33305004495a9","hash":"05d536327347db9c77c5859798c5c7557e8c8a4c"}
,"D:\\Akash\\projects\\javascript\\logoexecutive\\server\\controllers\\auth\\verify.js": {"path":"D:\\Akash\\projects\\javascript\\logoexecutive\\server\\controllers\\auth\\verify.js","statementMap":{"0":{"start":{"line":1,"column":25},"end":{"line":1,"column":40}},"1":{"start":{"line":7,"column":4},"end":{"line":7,"column":29}},"2":{"start":{"line":10,"column":2},"end":{"line":63,"column":3}},"3":{"start":{"line":11,"column":22},"end":{"line":11,"column":31}},"4":{"start":{"line":12,"column":4},"end":{"line":18,"column":5}},"5":{"start":{"line":13,"column":6},"end":{"line":17,"column":9}},"6":{"start":{"line":20,"column":22},"end":{"line":20,"column":51}},"7":{"start":{"line":21,"column":4},"end":{"line":26,"column":9}},"8":{"start":{"line":22,"column":6},"end":{"line":26,"column":9}},"9":{"start":{"line":28,"column":4},"end":{"line":33,"column":9}},"10":{"start":{"line":29,"column":6},"end":{"line":33,"column":9}},"11":{"start":{"line":35,"column":17},"end":{"line":35,"column":56}},"12":{"start":{"line":36,"column":4},"end":{"line":41,"column":9}},"13":{"start":{"line":37,"column":6},"end":{"line":41,"column":9}},"14":{"start":{"line":43,"column":25},"end":{"line":43,"column":47}},"15":{"start":{"line":44,"column":4},"end":{"line":49,"column":9}},"16":{"start":{"line":45,"column":6},"end":{"line":49,"column":9}},"17":{"start":{"line":51,"column":19},"end":{"line":51,"column":51}},"18":{"start":{"line":52,"column":4},"end":{"line":58,"column":5}},"19":{"start":{"line":53,"column":6},"end":{"line":57,"column":9}},"20":{"start":{"line":60,"column":4},"end":{"line":60,"column":72}},"21":{"start":{"line":62,"column":4},"end":{"line":62,"column":14}},"22":{"start":{"line":66,"column":0},"end":{"line":66,"column":39}}},"fnMap":{"0":{"name":"verifyTokenController","decl":{"start":{"line":9,"column":15},"end":{"line":9,"column":36}},"loc":{"start":{"line":9,"column":53},"end":{"line":64,"column":1}},"line":9}},"branchMap":{"0":{"loc":{"start":{"line":12,"column":4},"end":{"line":18,"column":5}},"type":"if","locations":[{"start":{"line":12,"column":4},"end":{"line":18,"column":5}},{"start":{},"end":{}}],"line":12},"1":{"loc":{"start":{"line":21,"column":4},"end":{"line":26,"column":9}},"type":"if","locations":[{"start":{"line":21,"column":4},"end":{"line":26,"column":9}},{"start":{},"end":{}}],"line":21},"2":{"loc":{"start":{"line":28,"column":4},"end":{"line":33,"column":9}},"type":"if","locations":[{"start":{"line":28,"column":4},"end":{"line":33,"column":9}},{"start":{},"end":{}}],"line":28},"3":{"loc":{"start":{"line":36,"column":4},"end":{"line":41,"column":9}},"type":"if","locations":[{"start":{"line":36,"column":4},"end":{"line":41,"column":9}},{"start":{},"end":{}}],"line":36},"4":{"loc":{"start":{"line":44,"column":4},"end":{"line":49,"column":9}},"type":"if","locations":[{"start":{"line":44,"column":4},"end":{"line":49,"column":9}},{"start":{},"end":{}}],"line":44},"5":{"loc":{"start":{"line":52,"column":4},"end":{"line":58,"column":5}},"type":"if","locations":[{"start":{"line":52,"column":4},"end":{"line":58,"column":5}},{"start":{},"end":{}}],"line":52}},"s":{"0":19,"1":19,"2":8,"3":8,"4":8,"5":1,"6":7,"7":6,"8":1,"9":5,"10":1,"11":4,"12":4,"13":1,"14":3,"15":3,"16":1,"17":2,"18":2,"19":1,"20":1,"21":1,"22":19},"f":{"0":8},"b":{"0":[1,7],"1":[1,5],"2":[1,4],"3":[1,3],"4":[1,2],"5":[1,1]},"_coverageSchema":"1a1c01bbd47fc00a2c39e90264f33305004495a9","hash":"9d0241e314f7a9e04215571c2382a119846dbef3"}
,"D:\\Akash\\projects\\javascript\\logoexecutive\\server\\controllers\\business\\logo.js": {"path":"D:\\Akash\\projects\\javascript\\logoexecutive\\server\\controllers\\business\\logo.js","statementMap":{"0":{"start":{"line":1,"column":12},"end":{"line":1,"column":26}},"1":{"start":{"line":2,"column":25},"end":{"line":2,"column":40}},"2":{"start":{"line":3,"column":53},"end":{"line":3,"column":78}},"3":{"start":{"line":5,"column":27},"end":{"line":15,"column":2}},"4":{"start":{"line":18,"column":2},"end":{"line":54,"column":3}},"5":{"start":{"line":19,"column":29},"end":{"line":19,"column":67}},"6":{"start":{"line":20,"column":4},"end":{"line":26,"column":5}},"7":{"start":{"line":21,"column":6},"end":{"line":25,"column":9}},"8":{"start":{"line":28,"column":32},"end":{"line":28,"column":37}},"9":{"start":{"line":29,"column":26},"end":{"line":29,"column":56}},"10":{"start":{"line":30,"column":4},"end":{"line":36,"column":5}},"11":{"start":{"line":31,"column":6},"end":{"line":35,"column":9}},"12":{"start":{"line":38,"column":18},"end":{"line":38,"column":71}},"13":{"start":{"line":39,"column":21},"end":{"line":39,"column":59}},"14":{"start":{"line":40,"column":4},"end":{"line":46,"column":5}},"15":{"start":{"line":41,"column":6},"end":{"line":45,"column":9}},"16":{"start":{"line":48,"column":4},"end":{"line":51,"column":7}},"17":{"start":{"line":53,"column":4},"end":{"line":53,"column":14}},"18":{"start":{"line":57,"column":0},"end":{"line":57,"column":35}}},"fnMap":{"0":{"name":"getLogoController","decl":{"start":{"line":17,"column":15},"end":{"line":17,"column":32}},"loc":{"start":{"line":17,"column":49},"end":{"line":55,"column":1}},"line":17}},"branchMap":{"0":{"loc":{"start":{"line":20,"column":4},"end":{"line":26,"column":5}},"type":"if","locations":[{"start":{"line":20,"column":4},"end":{"line":26,"column":5}},{"start":{},"end":{}}],"line":20},"1":{"loc":{"start":{"line":30,"column":4},"end":{"line":36,"column":5}},"type":"if","locations":[{"start":{"line":30,"column":4},"end":{"line":36,"column":5}},{"start":{},"end":{}}],"line":30},"2":{"loc":{"start":{"line":40,"column":4},"end":{"line":46,"column":5}},"type":"if","locations":[{"start":{"line":40,"column":4},"end":{"line":46,"column":5}},{"start":{},"end":{}}],"line":40}},"s":{"0":19,"1":19,"2":19,"3":19,"4":8,"5":8,"6":8,"7":2,"8":6,"9":6,"10":5,"11":1,"12":4,"13":4,"14":4,"15":1,"16":3,"17":1,"18":19},"f":{"0":8},"b":{"0":[2,6],"1":[1,4],"2":[1,3]},"_coverageSchema":"1a1c01bbd47fc00a2c39e90264f33305004495a9","hash":"8e8c38c2679d400ce7ec1c8e143e5046e0453e67"}
,"D:\\Akash\\projects\\javascript\\logoexecutive\\server\\controllers\\public\\contact-us.js": {"path":"D:\\Akash\\projects\\javascript\\logoexecutive\\server\\controllers\\public\\contact-us.js","statementMap":{"0":{"start":{"line":1,"column":12},"end":{"line":1,"column":26}},"1":{"start":{"line":2,"column":25},"end":{"line":2,"column":40}},"2":{"start":{"line":3,"column":35},"end":{"line":3,"column":60}},"3":{"start":{"line":5,"column":31},"end":{"line":41,"column":2}},"4":{"start":{"line":44,"column":2},"end":{"line":78,"column":3}},"5":{"start":{"line":45,"column":29},"end":{"line":45,"column":70}},"6":{"start":{"line":46,"column":4},"end":{"line":52,"column":5}},"7":{"start":{"line":47,"column":6},"end":{"line":51,"column":9}},"8":{"start":{"line":53,"column":22},"end":{"line":53,"column":27}},"9":{"start":{"line":55,"column":17},"end":{"line":55,"column":40}},"10":{"start":{"line":56,"column":4},"end":{"line":62,"column":5}},"11":{"start":{"line":57,"column":6},"end":{"line":61,"column":9}},"12":{"start":{"line":63,"column":20},"end":{"line":63,"column":43}},"13":{"start":{"line":64,"column":4},"end":{"line":70,"column":5}},"14":{"start":{"line":65,"column":6},"end":{"line":69,"column":9}},"15":{"start":{"line":72,"column":4},"end":{"line":75,"column":7}},"16":{"start":{"line":77,"column":4},"end":{"line":77,"column":16}},"17":{"start":{"line":81,"column":0},"end":{"line":81,"column":37}}},"fnMap":{"0":{"name":"contactUsController","decl":{"start":{"line":43,"column":15},"end":{"line":43,"column":34}},"loc":{"start":{"line":43,"column":51},"end":{"line":79,"column":1}},"line":43}},"branchMap":{"0":{"loc":{"start":{"line":46,"column":4},"end":{"line":52,"column":5}},"type":"if","locations":[{"start":{"line":46,"column":4},"end":{"line":52,"column":5}},{"start":{},"end":{}}],"line":46},"1":{"loc":{"start":{"line":56,"column":4},"end":{"line":62,"column":5}},"type":"if","locations":[{"start":{"line":56,"column":4},"end":{"line":62,"column":5}},{"start":{},"end":{}}],"line":56},"2":{"loc":{"start":{"line":64,"column":4},"end":{"line":70,"column":5}},"type":"if","locations":[{"start":{"line":64,"column":4},"end":{"line":70,"column":5}},{"start":{},"end":{}}],"line":64}},"s":{"0":19,"1":19,"2":19,"3":19,"4":10,"5":10,"6":10,"7":6,"8":4,"9":4,"10":4,"11":1,"12":3,"13":2,"14":1,"15":1,"16":1,"17":19},"f":{"0":10},"b":{"0":[6,4],"1":[1,3],"2":[1,1]},"_coverageSchema":"1a1c01bbd47fc00a2c39e90264f33305004495a9","hash":"947decbb5ebaa348a08fe64edd1634337109183d"}
,"D:\\Akash\\projects\\javascript\\logoexecutive\\server\\controllers\\public\\logo.js": {"path":"D:\\Akash\\projects\\javascript\\logoexecutive\\server\\controllers\\public\\logo.js","statementMap":{"0":{"start":{"line":1,"column":12},"end":{"line":1,"column":26}},"1":{"start":{"line":2,"column":25},"end":{"line":2,"column":40}},"2":{"start":{"line":3,"column":36},"end":{"line":3,"column":61}},"3":{"start":{"line":5,"column":27},"end":{"line":12,"column":2}},"4":{"start":{"line":15,"column":2},"end":{"line":43,"column":3}},"5":{"start":{"line":16,"column":29},"end":{"line":16,"column":67}},"6":{"start":{"line":17,"column":4},"end":{"line":23,"column":5}},"7":{"start":{"line":18,"column":6},"end":{"line":22,"column":9}},"8":{"start":{"line":25,"column":23},"end":{"line":25,"column":28}},"9":{"start":{"line":27,"column":18},"end":{"line":27,"column":71}},"10":{"start":{"line":28,"column":21},"end":{"line":28,"column":59}},"11":{"start":{"line":29,"column":4},"end":{"line":35,"column":5}},"12":{"start":{"line":30,"column":6},"end":{"line":34,"column":9}},"13":{"start":{"line":37,"column":4},"end":{"line":40,"column":7}},"14":{"start":{"line":42,"column":4},"end":{"line":42,"column":14}},"15":{"start":{"line":46,"column":0},"end":{"line":46,"column":36}}},"fnMap":{"0":{"name":"demoLogoController","decl":{"start":{"line":14,"column":15},"end":{"line":14,"column":33}},"loc":{"start":{"line":14,"column":50},"end":{"line":44,"column":1}},"line":14}},"branchMap":{"0":{"loc":{"start":{"line":17,"column":4},"end":{"line":23,"column":5}},"type":"if","locations":[{"start":{"line":17,"column":4},"end":{"line":23,"column":5}},{"start":{},"end":{}}],"line":17},"1":{"loc":{"start":{"line":29,"column":4},"end":{"line":35,"column":5}},"type":"if","locations":[{"start":{"line":29,"column":4},"end":{"line":35,"column":5}},{"start":{},"end":{}}],"line":29}},"s":{"0":19,"1":19,"2":19,"3":19,"4":7,"5":7,"6":7,"7":2,"8":5,"9":5,"10":5,"11":4,"12":1,"13":3,"14":1,"15":19},"f":{"0":7},"b":{"0":[2,5],"1":[1,3]},"_coverageSchema":"1a1c01bbd47fc00a2c39e90264f33305004495a9","hash":"ab270a12bc681934212e74c5fe4a4dd850931fac"}
,"D:\\Akash\\projects\\javascript\\logoexecutive\\server\\controllers\\user\\data.js": {"path":"D:\\Akash\\projects\\javascript\\logoexecutive\\server\\controllers\\user\\data.js","statementMap":{"0":{"start":{"line":1,"column":25},"end":{"line":1,"column":40}},"1":{"start":{"line":3,"column":24},"end":{"line":3,"column":49}},"2":{"start":{"line":6,"column":2},"end":{"line":38,"column":3}},"3":{"start":{"line":7,"column":23},"end":{"line":7,"column":35}},"4":{"start":{"line":8,"column":17},"end":{"line":8,"column":46}},"5":{"start":{"line":9,"column":4},"end":{"line":15,"column":5}},"6":{"start":{"line":10,"column":6},"end":{"line":14,"column":9}},"7":{"start":{"line":17,"column":17},"end":{"line":17,"column":19}},"8":{"start":{"line":19,"column":41},"end":{"line":19,"column":129}},"9":{"start":{"line":21,"column":4},"end":{"line":21,"column":35}},"10":{"start":{"line":23,"column":21},"end":{"line":23,"column":24}},"11":{"start":{"line":24,"column":4},"end":{"line":28,"column":5}},"12":{"start":{"line":25,"column":6},"end":{"line":25,"column":73}},"13":{"start":{"line":27,"column":6},"end":{"line":27,"column":23}},"14":{"start":{"line":29,"column":4},"end":{"line":33,"column":5}},"15":{"start":{"line":30,"column":6},"end":{"line":30,"column":73}},"16":{"start":{"line":30,"column":60},"end":{"line":30,"column":68}},"17":{"start":{"line":32,"column":6},"end":{"line":32,"column":23}},"18":{"start":{"line":35,"column":4},"end":{"line":35,"column":49}},"19":{"start":{"line":37,"column":4},"end":{"line":37,"column":14}},"20":{"start":{"line":41,"column":0},"end":{"line":41,"column":40}}},"fnMap":{"0":{"name":"getUserDataController","decl":{"start":{"line":5,"column":15},"end":{"line":5,"column":36}},"loc":{"start":{"line":5,"column":53},"end":{"line":39,"column":1}},"line":5},"1":{"name":"(anonymous_1)","decl":{"start":{"line":30,"column":53},"end":{"line":30,"column":54}},"loc":{"start":{"line":30,"column":60},"end":{"line":30,"column":68}},"line":30}},"branchMap":{"0":{"loc":{"start":{"line":9,"column":4},"end":{"line":15,"column":5}},"type":"if","locations":[{"start":{"line":9,"column":4},"end":{"line":15,"column":5}},{"start":{},"end":{}}],"line":9},"1":{"loc":{"start":{"line":24,"column":4},"end":{"line":28,"column":5}},"type":"if","locations":[{"start":{"line":24,"column":4},"end":{"line":28,"column":5}},{"start":{"line":26,"column":11},"end":{"line":28,"column":5}}],"line":24},"2":{"loc":{"start":{"line":24,"column":7},"end":{"line":24,"column":72}},"type":"binary-expr","locations":[{"start":{"line":24,"column":7},"end":{"line":24,"column":46}},{"start":{"line":24,"column":50},"end":{"line":24,"column":72}}],"line":24},"3":{"loc":{"start":{"line":29,"column":4},"end":{"line":33,"column":5}},"type":"if","locations":[{"start":{"line":29,"column":4},"end":{"line":33,"column":5}},{"start":{"line":31,"column":11},"end":{"line":33,"column":5}}],"line":29},"4":{"loc":{"start":{"line":29,"column":7},"end":{"line":29,"column":56}},"type":"binary-expr","locations":[{"start":{"line":29,"column":7},"end":{"line":29,"column":38}},{"start":{"line":29,"column":42},"end":{"line":29,"column":56}}],"line":29}},"s":{"0":19,"1":19,"2":4,"3":4,"4":4,"5":3,"6":1,"7":2,"8":2,"9":2,"10":2,"11":2,"12":1,"13":1,"14":2,"15":1,"16":1,"17":1,"18":2,"19":1,"20":19},"f":{"0":4,"1":1},"b":{"0":[1,2],"1":[1,1],"2":[2,1],"3":[1,1],"4":[2,1]},"_coverageSchema":"1a1c01bbd47fc00a2c39e90264f33305004495a9","hash":"885318fc8dd7230a81c79ef969d6038b1fc4b461"}
,"D:\\Akash\\projects\\javascript\\logoexecutive\\server\\controllers\\user\\delete.js": {"path":"D:\\Akash\\projects\\javascript\\logoexecutive\\server\\controllers\\user\\delete.js","statementMap":{"0":{"start":{"line":1,"column":30},"end":{"line":1,"column":55}},"1":{"start":{"line":4,"column":21},"end":{"line":4,"column":33}},"2":{"start":{"line":6,"column":2},"end":{"line":14,"column":3}},"3":{"start":{"line":7,"column":4},"end":{"line":7,"column":36}},"4":{"start":{"line":8,"column":4},"end":{"line":11,"column":7}},"5":{"start":{"line":13,"column":4},"end":{"line":13,"column":14}},"6":{"start":{"line":17,"column":0},"end":{"line":17,"column":45}}},"fnMap":{"0":{"name":"deleteUserAccountController","decl":{"start":{"line":3,"column":15},"end":{"line":3,"column":42}},"loc":{"start":{"line":3,"column":59},"end":{"line":15,"column":1}},"line":3}},"branchMap":{},"s":{"0":19,"1":2,"2":2,"3":2,"4":1,"5":1,"6":19},"f":{"0":2},"b":{},"_coverageSchema":"1a1c01bbd47fc00a2c39e90264f33305004495a9","hash":"50e72e3faaf2b8cf18b0bfd0e9f4d32cfa3a01c6"}
,"D:\\Akash\\projects\\javascript\\logoexecutive\\server\\controllers\\user\\destroy.js": {"path":"D:\\Akash\\projects\\javascript\\logoexecutive\\server\\controllers\\user\\destroy.js","statementMap":{"0":{"start":{"line":1,"column":12},"end":{"line":1,"column":26}},"1":{"start":{"line":2,"column":25},"end":{"line":2,"column":40}},"2":{"start":{"line":3,"column":23},"end":{"line":3,"column":48}},"3":{"start":{"line":5,"column":32},"end":{"line":10,"column":2}},"4":{"start":{"line":13,"column":2},"end":{"line":38,"column":3}},"5":{"start":{"line":14,"column":29},"end":{"line":14,"column":72}},"6":{"start":{"line":15,"column":4},"end":{"line":21,"column":5}},"7":{"start":{"line":16,"column":6},"end":{"line":20,"column":9}},"8":{"start":{"line":23,"column":22},"end":{"line":23,"column":27}},"9":{"start":{"line":24,"column":22},"end":{"line":24,"column":45}},"10":{"start":{"line":25,"column":4},"end":{"line":35,"column":5}},"11":{"start":{"line":26,"column":6},"end":{"line":29,"column":9}},"12":{"start":{"line":31,"column":6},"end":{"line":34,"column":9}},"13":{"start":{"line":37,"column":4},"end":{"line":37,"column":14}},"14":{"start":{"line":41,"column":0},"end":{"line":41,"column":38}}},"fnMap":{"0":{"name":"destroyKeyController","decl":{"start":{"line":12,"column":15},"end":{"line":12,"column":35}},"loc":{"start":{"line":12,"column":52},"end":{"line":39,"column":1}},"line":12}},"branchMap":{"0":{"loc":{"start":{"line":15,"column":4},"end":{"line":21,"column":5}},"type":"if","locations":[{"start":{"line":15,"column":4},"end":{"line":21,"column":5}},{"start":{},"end":{}}],"line":15},"1":{"loc":{"start":{"line":25,"column":4},"end":{"line":35,"column":5}},"type":"if","locations":[{"start":{"line":25,"column":4},"end":{"line":35,"column":5}},{"start":{"line":30,"column":11},"end":{"line":35,"column":5}}],"line":25}},"s":{"0":19,"1":19,"2":19,"3":19,"4":5,"5":5,"6":5,"7":2,"8":3,"9":3,"10":2,"11":1,"12":1,"13":1,"14":19},"f":{"0":5},"b":{"0":[2,3],"1":[1,1]},"_coverageSchema":"1a1c01bbd47fc00a2c39e90264f33305004495a9","hash":"d9a86acc1cad358a851d6ae3043ab94852972e99"}
,"D:\\Akash\\projects\\javascript\\logoexecutive\\server\\controllers\\user\\generate.js": {"path":"D:\\Akash\\projects\\javascript\\logoexecutive\\server\\controllers\\user\\generate.js","statementMap":{"0":{"start":{"line":1,"column":12},"end":{"line":1,"column":26}},"1":{"start":{"line":2,"column":25},"end":{"line":2,"column":40}},"2":{"start":{"line":7,"column":4},"end":{"line":7,"column":29}},"3":{"start":{"line":9,"column":33},"end":{"line":22,"column":2}},"4":{"start":{"line":25,"column":2},"end":{"line":76,"column":3}},"5":{"start":{"line":26,"column":31},"end":{"line":26,"column":39}},"6":{"start":{"line":27,"column":22},"end":{"line":27,"column":75}},"7":{"start":{"line":28,"column":4},"end":{"line":34,"column":5}},"8":{"start":{"line":29,"column":6},"end":{"line":33,"column":9}},"9":{"start":{"line":35,"column":23},"end":{"line":35,"column":35}},"10":{"start":{"line":36,"column":25},"end":{"line":36,"column":64}},"11":{"start":{"line":37,"column":21},"end":{"line":37,"column":42}},"12":{"start":{"line":38,"column":19},"end":{"line":38,"column":20}},"13":{"start":{"line":39,"column":23},"end":{"line":39,"column":62}},"14":{"start":{"line":40,"column":4},"end":{"line":42,"column":5}},"15":{"start":{"line":41,"column":6},"end":{"line":41,"column":35}},"16":{"start":{"line":43,"column":4},"end":{"line":49,"column":5}},"17":{"start":{"line":44,"column":6},"end":{"line":48,"column":9}},"18":{"start":{"line":52,"column":6},"end":{"line":55,"column":7}},"19":{"start":{"line":54,"column":8},"end":{"line":54,"column":61}},"20":{"start":{"line":56,"column":4},"end":{"line":62,"column":5}},"21":{"start":{"line":57,"column":6},"end":{"line":61,"column":9}},"22":{"start":{"line":64,"column":17},"end":{"line":67,"column":5}},"23":{"start":{"line":68,"column":20},"end":{"line":68,"column":41}},"24":{"start":{"line":69,"column":4},"end":{"line":73,"column":7}},"25":{"start":{"line":75,"column":4},"end":{"line":75,"column":14}},"26":{"start":{"line":79,"column":0},"end":{"line":79,"column":39}}},"fnMap":{"0":{"name":"generateKeyController","decl":{"start":{"line":24,"column":15},"end":{"line":24,"column":36}},"loc":{"start":{"line":24,"column":53},"end":{"line":77,"column":1}},"line":24},"1":{"name":"(anonymous_1)","decl":{"start":{"line":53,"column":23},"end":{"line":53,"column":24}},"loc":{"start":{"line":54,"column":8},"end":{"line":54,"column":61}},"line":54}},"branchMap":{"0":{"loc":{"start":{"line":28,"column":4},"end":{"line":34,"column":5}},"type":"if","locations":[{"start":{"line":28,"column":4},"end":{"line":34,"column":5}},{"start":{},"end":{}}],"line":28},"1":{"loc":{"start":{"line":39,"column":23},"end":{"line":39,"column":62}},"type":"binary-expr","locations":[{"start":{"line":39,"column":24},"end":{"line":39,"column":55}},{"start":{"line":39,"column":60},"end":{"line":39,"column":62}}],"line":39},"2":{"loc":{"start":{"line":40,"column":4},"end":{"line":42,"column":5}},"type":"if","locations":[{"start":{"line":40,"column":4},"end":{"line":42,"column":5}},{"start":{},"end":{}}],"line":40},"3":{"loc":{"start":{"line":43,"column":4},"end":{"line":49,"column":5}},"type":"if","locations":[{"start":{"line":43,"column":4},"end":{"line":49,"column":5}},{"start":{},"end":{}}],"line":43},"4":{"loc":{"start":{"line":52,"column":6},"end":{"line":55,"column":7}},"type":"binary-expr","locations":[{"start":{"line":52,"column":6},"end":{"line":52,"column":27}},{"start":{"line":53,"column":6},"end":{"line":55,"column":7}}],"line":52},"5":{"loc":{"start":{"line":56,"column":4},"end":{"line":62,"column":5}},"type":"if","locations":[{"start":{"line":56,"column":4},"end":{"line":62,"column":5}},{"start":{},"end":{}}],"line":56}},"s":{"0":19,"1":19,"2":19,"3":19,"4":10,"5":10,"6":10,"7":10,"8":5,"9":5,"10":5,"11":4,"12":4,"13":4,"14":4,"15":4,"16":4,"17":1,"18":3,"19":2,"20":3,"21":1,"22":2,"23":2,"24":2,"25":1,"26":19},"f":{"0":10,"1":2},"b":{"0":[5,5],"1":[4,0],"2":[4,0],"3":[1,3],"4":[3,2],"5":[1,2]},"_coverageSchema":"1a1c01bbd47fc00a2c39e90264f33305004495a9","hash":"1cac5e011133bb74e357fceb0d4b8391938efa22"}
,"D:\\Akash\\projects\\javascript\\logoexecutive\\server\\controllers\\user\\update-password.js": {"path":"D:\\Akash\\projects\\javascript\\logoexecutive\\server\\controllers\\user\\update-password.js","statementMap":{"0":{"start":{"line":1,"column":15},"end":{"line":1,"column":32}},"1":{"start":{"line":2,"column":12},"end":{"line":2,"column":26}},"2":{"start":{"line":3,"column":25},"end":{"line":3,"column":40}},"3":{"start":{"line":4,"column":51},"end":{"line":4,"column":76}},"4":{"start":{"line":6,"column":36},"end":{"line":19,"column":2}},"5":{"start":{"line":22,"column":2},"end":{"line":61,"column":3}},"6":{"start":{"line":23,"column":29},"end":{"line":23,"column":75}},"7":{"start":{"line":24,"column":4},"end":{"line":30,"column":5}},"8":{"start":{"line":25,"column":6},"end":{"line":29,"column":9}},"9":{"start":{"line":32,"column":42},"end":{"line":32,"column":47}},"10":{"start":{"line":33,"column":22},"end":{"line":33,"column":34}},"11":{"start":{"line":34,"column":17},"end":{"line":34,"column":46}},"12":{"start":{"line":36,"column":26},"end":{"line":36,"column":64}},"13":{"start":{"line":37,"column":4},"end":{"line":43,"column":5}},"14":{"start":{"line":38,"column":6},"end":{"line":42,"column":9}},"15":{"start":{"line":45,"column":28},"end":{"line":45,"column":62}},"16":{"start":{"line":46,"column":19},"end":{"line":46,"column":68}},"17":{"start":{"line":47,"column":4},"end":{"line":58,"column":5}},"18":{"start":{"line":48,"column":6},"end":{"line":51,"column":9}},"19":{"start":{"line":53,"column":6},"end":{"line":57,"column":9}},"20":{"start":{"line":60,"column":4},"end":{"line":60,"column":14}},"21":{"start":{"line":64,"column":0},"end":{"line":64,"column":42}}},"fnMap":{"0":{"name":"updatePasswordController","decl":{"start":{"line":21,"column":15},"end":{"line":21,"column":39}},"loc":{"start":{"line":21,"column":56},"end":{"line":62,"column":1}},"line":21}},"branchMap":{"0":{"loc":{"start":{"line":24,"column":4},"end":{"line":30,"column":5}},"type":"if","locations":[{"start":{"line":24,"column":4},"end":{"line":30,"column":5}},{"start":{},"end":{}}],"line":24},"1":{"loc":{"start":{"line":37,"column":4},"end":{"line":43,"column":5}},"type":"if","locations":[{"start":{"line":37,"column":4},"end":{"line":43,"column":5}},{"start":{},"end":{}}],"line":37},"2":{"loc":{"start":{"line":47,"column":4},"end":{"line":58,"column":5}},"type":"if","locations":[{"start":{"line":47,"column":4},"end":{"line":58,"column":5}},{"start":{"line":52,"column":11},"end":{"line":58,"column":5}}],"line":47}},"s":{"0":19,"1":19,"2":19,"3":19,"4":19,"5":7,"6":7,"7":7,"8":3,"9":4,"10":4,"11":4,"12":4,"13":4,"14":1,"15":3,"16":3,"17":2,"18":1,"19":1,"20":1,"21":19},"f":{"0":7},"b":{"0":[3,4],"1":[1,3],"2":[1,1]},"_coverageSchema":"1a1c01bbd47fc00a2c39e90264f33305004495a9","hash":"ed4b53e6d2a9506b125f4d2a10d5eeecca8675f1"}
,"D:\\Akash\\projects\\javascript\\logoexecutive\\server\\controllers\\user\\update-profile.js": {"path":"D:\\Akash\\projects\\javascript\\logoexecutive\\server\\controllers\\user\\update-profile.js","statementMap":{"0":{"start":{"line":1,"column":12},"end":{"line":1,"column":26}},"1":{"start":{"line":2,"column":25},"end":{"line":2,"column":40}},"2":{"start":{"line":7,"column":4},"end":{"line":7,"column":29}},"3":{"start":{"line":8,"column":22},"end":{"line":8,"column":54}},"4":{"start":{"line":10,"column":30},"end":{"line":37,"column":2}},"5":{"start":{"line":40,"column":2},"end":{"line":74,"column":3}},"6":{"start":{"line":41,"column":36},"end":{"line":41,"column":44}},"7":{"start":{"line":42,"column":22},"end":{"line":42,"column":62}},"8":{"start":{"line":43,"column":4},"end":{"line":49,"column":5}},"9":{"start":{"line":44,"column":6},"end":{"line":48,"column":9}},"10":{"start":{"line":51,"column":17},"end":{"line":51,"column":59}},"11":{"start":{"line":52,"column":4},"end":{"line":58,"column":5}},"12":{"start":{"line":53,"column":6},"end":{"line":57,"column":9}},"13":{"start":{"line":60,"column":27},"end":{"line":60,"column":74}},"14":{"start":{"line":61,"column":4},"end":{"line":67,"column":5}},"15":{"start":{"line":62,"column":6},"end":{"line":66,"column":9}},"16":{"start":{"line":68,"column":4},"end":{"line":71,"column":7}},"17":{"start":{"line":73,"column":4},"end":{"line":73,"column":16}},"18":{"start":{"line":77,"column":0},"end":{"line":77,"column":41}}},"fnMap":{"0":{"name":"updateProfileController","decl":{"start":{"line":39,"column":15},"end":{"line":39,"column":38}},"loc":{"start":{"line":39,"column":55},"end":{"line":75,"column":1}},"line":39}},"branchMap":{"0":{"loc":{"start":{"line":43,"column":4},"end":{"line":49,"column":5}},"type":"if","locations":[{"start":{"line":43,"column":4},"end":{"line":49,"column":5}},{"start":{},"end":{}}],"line":43},"1":{"loc":{"start":{"line":52,"column":4},"end":{"line":58,"column":5}},"type":"if","locations":[{"start":{"line":52,"column":4},"end":{"line":58,"column":5}},{"start":{},"end":{}}],"line":52},"2":{"loc":{"start":{"line":61,"column":4},"end":{"line":67,"column":5}},"type":"if","locations":[{"start":{"line":61,"column":4},"end":{"line":67,"column":5}},{"start":{},"end":{}}],"line":61}},"s":{"0":19,"1":19,"2":19,"3":19,"4":19,"5":7,"6":7,"7":7,"8":7,"9":3,"10":4,"11":4,"12":1,"13":3,"14":2,"15":1,"16":1,"17":1,"18":19},"f":{"0":7},"b":{"0":[3,4],"1":[1,3],"2":[1,1]},"_coverageSchema":"1a1c01bbd47fc00a2c39e90264f33305004495a9","hash":"9ff9dbb0cdba0fd85832220d8bf454da0ba8986a"}
,"D:\\Akash\\projects\\javascript\\logoexecutive\\server\\middlewares\\auth.js": {"path":"D:\\Akash\\projects\\javascript\\logoexecutive\\server\\middlewares\\auth.js","statementMap":{"0":{"start":{"line":1,"column":12},"end":{"line":1,"column":35}},"1":{"start":{"line":2,"column":25},"end":{"line":2,"column":40}},"2":{"start":{"line":3,"column":21},"end":{"line":3,"column":50}},"3":{"start":{"line":9,"column":0},"end":{"line":45,"column":2}},"4":{"start":{"line":10,"column":2},"end":{"line":44,"column":4}},"5":{"start":{"line":11,"column":4},"end":{"line":43,"column":5}},"6":{"start":{"line":12,"column":22},"end":{"line":12,"column":33}},"7":{"start":{"line":14,"column":6},"end":{"line":20,"column":7}},"8":{"start":{"line":15,"column":8},"end":{"line":19,"column":11}},"9":{"start":{"line":22,"column":26},"end":{"line":22,"column":65}},"10":{"start":{"line":24,"column":23},"end":{"line":24,"column":34}},"11":{"start":{"line":25,"column":6},"end":{"line":30,"column":11}},"12":{"start":{"line":26,"column":8},"end":{"line":30,"column":11}},"13":{"start":{"line":32,"column":6},"end":{"line":37,"column":11}},"14":{"start":{"line":33,"column":8},"end":{"line":37,"column":11}},"15":{"start":{"line":39,"column":6},"end":{"line":39,"column":57}},"16":{"start":{"line":40,"column":6},"end":{"line":40,"column":13}},"17":{"start":{"line":42,"column":6},"end":{"line":42,"column":16}}},"fnMap":{"0":{"name":"(anonymous_0)","decl":{"start":{"line":9,"column":17},"end":{"line":9,"column":18}},"loc":{"start":{"line":9,"column":35},"end":{"line":45,"column":1}},"line":9},"1":{"name":"(anonymous_1)","decl":{"start":{"line":10,"column":9},"end":{"line":10,"column":10}},"loc":{"start":{"line":10,"column":35},"end":{"line":44,"column":3}},"line":10}},"branchMap":{"0":{"loc":{"start":{"line":9,"column":18},"end":{"line":9,"column":30}},"type":"default-arg","locations":[{"start":{"line":9,"column":28},"end":{"line":9,"column":30}}],"line":9},"1":{"loc":{"start":{"line":14,"column":6},"end":{"line":20,"column":7}},"type":"if","locations":[{"start":{"line":14,"column":6},"end":{"line":20,"column":7}},{"start":{},"end":{}}],"line":14},"2":{"loc":{"start":{"line":25,"column":6},"end":{"line":30,"column":11}},"type":"if","locations":[{"start":{"line":25,"column":6},"end":{"line":30,"column":11}},{"start":{},"end":{}}],"line":25},"3":{"loc":{"start":{"line":25,"column":10},"end":{"line":25,"column":46}},"type":"binary-expr","locations":[{"start":{"line":25,"column":10},"end":{"line":25,"column":15}},{"start":{"line":25,"column":19},"end":{"line":25,"column":30}},{"start":{"line":25,"column":34},"end":{"line":25,"column":46}}],"line":25},"4":{"loc":{"start":{"line":32,"column":6},"end":{"line":37,"column":11}},"type":"if","locations":[{"start":{"line":32,"column":6},"end":{"line":37,"column":11}},{"start":{},"end":{}}],"line":32},"5":{"loc":{"start":{"line":32,"column":10},"end":{"line":32,"column":63}},"type":"binary-expr","locations":[{"start":{"line":32,"column":10},"end":{"line":32,"column":27}},{"start":{"line":32,"column":31},"end":{"line":32,"column":63}}],"line":32}},"s":{"0":20,"1":20,"2":20,"3":20,"4":173,"5":62,"6":62,"7":62,"8":1,"9":61,"10":59,"11":59,"12":1,"13":58,"14":2,"15":56,"16":56,"17":2},"f":{"0":173,"1":62},"b":{"0":[115],"1":[1,61],"2":[1,58],"3":[59,59,58],"4":[2,56],"5":[58,23]},"_coverageSchema":"1a1c01bbd47fc00a2c39e90264f33305004495a9","hash":"3e1742eb4bb12643f739220f0cf97407f2add2d2"}
,"D:\\Akash\\projects\\javascript\\logoexecutive\\server\\middlewares\\errorHandler.js": {"path":"D:\\Akash\\projects\\javascript\\logoexecutive\\server\\middlewares\\errorHandler.js","statementMap":{"0":{"start":{"line":1,"column":25},"end":{"line":1,"column":40}},"1":{"start":{"line":3,"column":21},"end":{"line":9,"column":1}},"2":{"start":{"line":4,"column":2},"end":{"line":8,"column":5}},"3":{"start":{"line":11,"column":0},"end":{"line":11,"column":30}}},"fnMap":{"0":{"name":"(anonymous_0)","decl":{"start":{"line":3,"column":21},"end":{"line":3,"column":22}},"loc":{"start":{"line":3,"column":48},"end":{"line":9,"column":1}},"line":3}},"branchMap":{},"s":{"0":20,"1":20,"2":39,"3":20},"f":{"0":39},"b":{},"_coverageSchema":"1a1c01bbd47fc00a2c39e90264f33305004495a9","hash":"09ca547fae746b6aa644fd05f101c1358d512fc4"}
,"D:\\Akash\\projects\\javascript\\logoexecutive\\server\\middlewares\\fileUpload.js": {"path":"D:\\Akash\\projects\\javascript\\logoexecutive\\server\\middlewares\\fileUpload.js","statementMap":{"0":{"start":{"line":1,"column":15},"end":{"line":1,"column":32}},"1":{"start":{"line":3,"column":15},"end":{"line":5,"column":2}},"2":{"start":{"line":7,"column":0},"end":{"line":7,"column":24}}},"fnMap":{},"branchMap":{},"s":{"0":17,"1":17,"2":17},"f":{},"b":{},"_coverageSchema":"1a1c01bbd47fc00a2c39e90264f33305004495a9","hash":"612a327c2de013ad77e358c02dbf3c65ec69127d"}
,"D:\\Akash\\projects\\javascript\\logoexecutive\\server\\middlewares\\index.js": {"path":"D:\\Akash\\projects\\javascript\\logoexecutive\\server\\middlewares\\index.js","statementMap":{"0":{"start":{"line":1,"column":22},"end":{"line":1,"column":48}},"1":{"start":{"line":2,"column":21},"end":{"line":2,"column":46}},"2":{"start":{"line":4,"column":0},"end":{"line":4,"column":49}}},"fnMap":{},"branchMap":{},"s":{"0":20,"1":20,"2":20},"f":{},"b":{},"_coverageSchema":"1a1c01bbd47fc00a2c39e90264f33305004495a9","hash":"bd785534d76a471b4168e1ea948f7201a7f1e29b"}
,"D:\\Akash\\projects\\javascript\\logoexecutive\\server\\middlewares\\routeNotFound.js": {"path":"D:\\Akash\\projects\\javascript\\logoexecutive\\server\\middlewares\\routeNotFound.js","statementMap":{"0":{"start":{"line":1,"column":25},"end":{"line":1,"column":40}},"1":{"start":{"line":3,"column":22},"end":{"line":12,"column":1}},"2":{"start":{"line":4,"column":2},"end":{"line":10,"column":7}},"3":{"start":{"line":11,"column":2},"end":{"line":11,"column":9}},"4":{"start":{"line":14,"column":0},"end":{"line":14,"column":31}}},"fnMap":{"0":{"name":"(anonymous_0)","decl":{"start":{"line":3,"column":22},"end":{"line":3,"column":23}},"loc":{"start":{"line":3,"column":43},"end":{"line":12,"column":1}},"line":3}},"branchMap":{},"s":{"0":21,"1":21,"2":1,"3":1,"4":21},"f":{"0":1},"b":{},"_coverageSchema":"1a1c01bbd47fc00a2c39e90264f33305004495a9","hash":"6787790533814b806588ba8303f9df9095305402"}
,"D:\\Akash\\projects\\javascript\\logoexecutive\\server\\models\\ContactUs.js": {"path":"D:\\Akash\\projects\\javascript\\logoexecutive\\server\\models\\ContactUs.js","statementMap":{"0":{"start":{"line":1,"column":24},"end":{"line":1,"column":48}},"1":{"start":{"line":25,"column":4},"end":{"line":25,"column":28}},"2":{"start":{"line":26,"column":4},"end":{"line":26,"column":30}},"3":{"start":{"line":27,"column":4},"end":{"line":27,"column":38}},"4":{"start":{"line":28,"column":4},"end":{"line":28,"column":34}},"5":{"start":{"line":29,"column":4},"end":{"line":29,"column":40}},"6":{"start":{"line":30,"column":4},"end":{"line":30,"column":53}},"7":{"start":{"line":31,"column":4},"end":{"line":31,"column":53}},"8":{"start":{"line":32,"column":4},"end":{"line":32,"column":48}},"9":{"start":{"line":37,"column":0},"end":{"line":37,"column":27}}},"fnMap":{"0":{"name":"(anonymous_0)","decl":{"start":{"line":24,"column":2},"end":{"line":24,"column":3}},"loc":{"start":{"line":24,"column":22},"end":{"line":33,"column":3}},"line":24}},"branchMap":{},"s":{"0":27,"1":2,"2":2,"3":2,"4":2,"5":2,"6":2,"7":2,"8":2,"9":27},"f":{"0":2},"b":{},"_coverageSchema":"1a1c01bbd47fc00a2c39e90264f33305004495a9","hash":"146415fd37393a3632361c5e4c2a59c39c4ba1f9"}
,"D:\\Akash\\projects\\javascript\\logoexecutive\\server\\models\\Images.js": {"path":"D:\\Akash\\projects\\javascript\\logoexecutive\\server\\models\\Images.js","statementMap":{"0":{"start":{"line":1,"column":22},"end":{"line":1,"column":57}},"1":{"start":{"line":2,"column":15},"end":{"line":2,"column":30}},"2":{"start":{"line":21,"column":4},"end":{"line":21,"column":34}},"3":{"start":{"line":22,"column":4},"end":{"line":22,"column":38}},"4":{"start":{"line":23,"column":4},"end":{"line":23,"column":38}},"5":{"start":{"line":24,"column":4},"end":{"line":24,"column":40}},"6":{"start":{"line":25,"column":4},"end":{"line":25,"column":38}},"7":{"start":{"line":26,"column":4},"end":{"line":26,"column":38}},"8":{"start":{"line":30,"column":4},"end":{"line":37,"column":6}},"9":{"start":{"line":50,"column":49},"end":{"line":50,"column":58}},"10":{"start":{"line":51,"column":4},"end":{"line":53,"column":5}},"11":{"start":{"line":52,"column":6},"end":{"line":52,"column":18}},"12":{"start":{"line":54,"column":4},"end":{"line":61,"column":6}},"13":{"start":{"line":65,"column":0},"end":{"line":65,"column":24}}},"fnMap":{"0":{"name":"(anonymous_0)","decl":{"start":{"line":20,"column":2},"end":{"line":20,"column":3}},"loc":{"start":{"line":20,"column":22},"end":{"line":27,"column":3}},"line":20},"1":{"name":"(anonymous_1)","decl":{"start":{"line":29,"column":2},"end":{"line":29,"column":3}},"loc":{"start":{"line":29,"column":13},"end":{"line":38,"column":3}},"line":29},"2":{"name":"(anonymous_2)","decl":{"start":{"line":49,"column":2},"end":{"line":49,"column":3}},"loc":{"start":{"line":49,"column":29},"end":{"line":62,"column":3}},"line":49}},"branchMap":{"0":{"loc":{"start":{"line":51,"column":4},"end":{"line":53,"column":5}},"type":"if","locations":[{"start":{"line":51,"column":4},"end":{"line":53,"column":5}},{"start":{},"end":{}}],"line":51},"1":{"loc":{"start":{"line":51,"column":8},"end":{"line":51,"column":48}},"type":"binary-expr","locations":[{"start":{"line":51,"column":8},"end":{"line":51,"column":18}},{"start":{"line":51,"column":22},"end":{"line":51,"column":33}},{"start":{"line":51,"column":38},"end":{"line":51,"column":48}}],"line":51}},"s":{"0":27,"1":27,"2":1,"3":1,"4":1,"5":1,"6":1,"7":1,"8":2,"9":4,"10":4,"11":1,"12":3,"13":27},"f":{"0":1,"1":2,"2":4},"b":{"0":[1,3],"1":[4,3,3]},"_coverageSchema":"1a1c01bbd47fc00a2c39e90264f33305004495a9","hash":"d2362d7376a096dfcfa78d299e6b7402e4672b92"}
,"D:\\Akash\\projects\\javascript\\logoexecutive\\server\\models\\Keys.js": {"path":"D:\\Akash\\projects\\javascript\\logoexecutive\\server\\models\\Keys.js","statementMap":{"0":{"start":{"line":1,"column":26},"end":{"line":1,"column":50}},"1":{"start":{"line":22,"column":4},"end":{"line":22,"column":30}},"2":{"start":{"line":23,"column":4},"end":{"line":23,"column":32}},"3":{"start":{"line":24,"column":4},"end":{"line":24,"column":48}},"4":{"start":{"line":25,"column":4},"end":{"line":25,"column":26}},"5":{"start":{"line":26,"column":4},"end":{"line":26,"column":40}},"6":{"start":{"line":27,"column":4},"end":{"line":27,"column":53}},"7":{"start":{"line":28,"column":4},"end":{"line":28,"column":53}},"8":{"start":{"line":32,"column":4},"end":{"line":39,"column":6}},"9":{"start":{"line":43,"column":0},"end":{"line":43,"column":22}}},"fnMap":{"0":{"name":"(anonymous_0)","decl":{"start":{"line":21,"column":2},"end":{"line":21,"column":3}},"loc":{"start":{"line":21,"column":22},"end":{"line":29,"column":3}},"line":21},"1":{"name":"(anonymous_1)","decl":{"start":{"line":31,"column":2},"end":{"line":31,"column":3}},"loc":{"start":{"line":31,"column":13},"end":{"line":40,"column":3}},"line":31}},"branchMap":{},"s":{"0":27,"1":4,"2":4,"3":4,"4":4,"5":4,"6":4,"7":4,"8":1,"9":27},"f":{"0":4,"1":1},"b":{},"_coverageSchema":"1a1c01bbd47fc00a2c39e90264f33305004495a9","hash":"69d95e225b0cfd0b14afb3a4b6cadf97cc130e2a"}
,"D:\\Akash\\projects\\javascript\\logoexecutive\\server\\models\\Subscriptions.js": {"path":"D:\\Akash\\projects\\javascript\\logoexecutive\\server\\models\\Subscriptions.js","statementMap":{"0":{"start":{"line":1,"column":22},"end":{"line":1,"column":57}},"1":{"start":{"line":2,"column":30},"end":{"line":2,"column":59}},"2":{"start":{"line":3,"column":26},"end":{"line":3,"column":50}},"3":{"start":{"line":4,"column":15},"end":{"line":4,"column":30}},"4":{"start":{"line":28,"column":4},"end":{"line":28,"column":32}},"5":{"start":{"line":29,"column":4},"end":{"line":29,"column":48}},"6":{"start":{"line":30,"column":4},"end":{"line":30,"column":52}},"7":{"start":{"line":31,"column":4},"end":{"line":31,"column":36}},"8":{"start":{"line":32,"column":4},"end":{"line":32,"column":40}},"9":{"start":{"line":33,"column":4},"end":{"line":33,"column":36}},"10":{"start":{"line":34,"column":4},"end":{"line":34,"column":53}},"11":{"start":{"line":35,"column":4},"end":{"line":35,"column":53}},"12":{"start":{"line":44,"column":4},"end":{"line":53,"column":6}},"13":{"start":{"line":57,"column":4},"end":{"line":65,"column":6}},"14":{"start":{"line":69,"column":0},"end":{"line":69,"column":31}}},"fnMap":{"0":{"name":"(anonymous_0)","decl":{"start":{"line":27,"column":2},"end":{"line":27,"column":3}},"loc":{"start":{"line":27,"column":22},"end":{"line":36,"column":3}},"line":27},"1":{"name":"(anonymous_1)","decl":{"start":{"line":43,"column":2},"end":{"line":43,"column":3}},"loc":{"start":{"line":43,"column":33},"end":{"line":54,"column":3}},"line":43},"2":{"name":"(anonymous_2)","decl":{"start":{"line":56,"column":2},"end":{"line":56,"column":3}},"loc":{"start":{"line":56,"column":13},"end":{"line":66,"column":3}},"line":56}},"branchMap":{},"s":{"0":27,"1":27,"2":27,"3":27,"4":4,"5":4,"6":4,"7":4,"8":4,"9":4,"10":4,"11":4,"12":3,"13":1,"14":27},"f":{"0":4,"1":3,"2":1},"b":{},"_coverageSchema":"1a1c01bbd47fc00a2c39e90264f33305004495a9","hash":"dccc3a5b58f46ca77e990856d3bd1a5e01c83cca"}
,"D:\\Akash\\projects\\javascript\\logoexecutive\\server\\models\\UserToken.js": {"path":"D:\\Akash\\projects\\javascript\\logoexecutive\\server\\models\\UserToken.js","statementMap":{"0":{"start":{"line":1,"column":41},"end":{"line":1,"column":76}},"1":{"start":{"line":2,"column":26},"end":{"line":2,"column":50}},"2":{"start":{"line":3,"column":27},"end":{"line":3,"column":56}},"3":{"start":{"line":4,"column":15},"end":{"line":4,"column":30}},"4":{"start":{"line":5,"column":14},"end":{"line":5,"column":30}},"5":{"start":{"line":27,"column":4},"end":{"line":27,"column":30}},"6":{"start":{"line":28,"column":4},"end":{"line":28,"column":32}},"7":{"start":{"line":29,"column":4},"end":{"line":29,"column":42}},"8":{"start":{"line":30,"column":4},"end":{"line":30,"column":28}},"9":{"start":{"line":31,"column":4},"end":{"line":31,"column":53}},"10":{"start":{"line":32,"column":4},"end":{"line":32,"column":51}},"11":{"start":{"line":33,"column":4},"end":{"line":33,"column":44}},"12":{"start":{"line":44,"column":21},"end":{"line":44,"column":102}},"13":{"start":{"line":45,"column":4},"end":{"line":52,"column":6}},"14":{"start":{"line":62,"column":4},"end":{"line":62,"column":70}},"15":{"start":{"line":62,"column":45},"end":{"line":62,"column":70}},"16":{"start":{"line":63,"column":4},"end":{"line":63,"column":62}},"17":{"start":{"line":63,"column":45},"end":{"line":63,"column":62}},"18":{"start":{"line":64,"column":4},"end":{"line":64,"column":46}},"19":{"start":{"line":65,"column":4},"end":{"line":65,"column":49}},"20":{"start":{"line":66,"column":4},"end":{"line":66,"column":15}},"21":{"start":{"line":73,"column":4},"end":{"line":73,"column":45}},"22":{"start":{"line":77,"column":0},"end":{"line":77,"column":27}}},"fnMap":{"0":{"name":"(anonymous_0)","decl":{"start":{"line":26,"column":2},"end":{"line":26,"column":3}},"loc":{"start":{"line":26,"column":22},"end":{"line":34,"column":3}},"line":26},"1":{"name":"(anonymous_1)","decl":{"start":{"line":43,"column":2},"end":{"line":43,"column":3}},"loc":{"start":{"line":43,"column":30},"end":{"line":53,"column":3}},"line":43},"2":{"name":"(anonymous_2)","decl":{"start":{"line":60,"column":2},"end":{"line":60,"column":3}},"loc":{"start":{"line":60,"column":17},"end":{"line":67,"column":3}},"line":60},"3":{"name":"(anonymous_3)","decl":{"start":{"line":72,"column":2},"end":{"line":72,"column":3}},"loc":{"start":{"line":72,"column":14},"end":{"line":74,"column":3}},"line":72}},"branchMap":{"0":{"loc":{"start":{"line":44,"column":21},"end":{"line":44,"column":102}},"type":"cond-expr","locations":[{"start":{"line":44,"column":39},"end":{"line":44,"column":69}},{"start":{"line":44,"column":72},"end":{"line":44,"column":102}}],"line":44},"1":{"loc":{"start":{"line":62,"column":4},"end":{"line":62,"column":70}},"type":"if","locations":[{"start":{"line":62,"column":4},"end":{"line":62,"column":70}},{"start":{},"end":{}}],"line":62},"2":{"loc":{"start":{"line":63,"column":4},"end":{"line":63,"column":62}},"type":"if","locations":[{"start":{"line":63,"column":4},"end":{"line":63,"column":62}},{"start":{},"end":{}}],"line":63}},"s":{"0":27,"1":27,"2":27,"3":27,"4":27,"5":14,"6":14,"7":14,"8":14,"9":14,"10":14,"11":14,"12":8,"13":8,"14":4,"15":0,"16":4,"17":4,"18":4,"19":4,"20":4,"21":7,"22":27},"f":{"0":14,"1":8,"2":4,"3":7},"b":{"0":[1,7],"1":[0,4],"2":[4,0]},"_coverageSchema":"1a1c01bbd47fc00a2c39e90264f33305004495a9","hash":"f1c21b8a22de2ea1c320635db01c9ac4af7ddae3"}
,"D:\\Akash\\projects\\javascript\\logoexecutive\\server\\models\\Users.js": {"path":"D:\\Akash\\projects\\javascript\\logoexecutive\\server\\models\\Users.js","statementMap":{"0":{"start":{"line":1,"column":15},"end":{"line":1,"column":32}},"1":{"start":{"line":2,"column":41},"end":{"line":2,"column":76}},"2":{"start":{"line":3,"column":12},"end":{"line":3,"column":35}},"3":{"start":{"line":4,"column":15},"end":{"line":4,"column":30}},"4":{"start":{"line":5,"column":21},"end":{"line":5,"column":50}},"5":{"start":{"line":6,"column":26},"end":{"line":6,"column":50}},"6":{"start":{"line":35,"column":4},"end":{"line":35,"column":32}},"7":{"start":{"line":36,"column":4},"end":{"line":36,"column":30}},"8":{"start":{"line":37,"column":4},"end":{"line":37,"column":37}},"9":{"start":{"line":38,"column":4},"end":{"line":38,"column":38}},"10":{"start":{"line":39,"column":4},"end":{"line":39,"column":36}},"11":{"start":{"line":40,"column":4},"end":{"line":40,"column":36}},"12":{"start":{"line":41,"column":4},"end":{"line":41,"column":53}},"13":{"start":{"line":42,"column":4},"end":{"line":42,"column":53}},"14":{"start":{"line":43,"column":4},"end":{"line":43,"column":42}},"15":{"start":{"line":44,"column":4},"end":{"line":44,"column":40}},"16":{"start":{"line":48,"column":4},"end":{"line":54,"column":6}},"17":{"start":{"line":69,"column":4},"end":{"line":88,"column":5}},"18":{"start":{"line":70,"column":55},"end":{"line":70,"column":63}},"19":{"start":{"line":71,"column":6},"end":{"line":73,"column":7}},"20":{"start":{"line":72,"column":8},"end":{"line":72,"column":20}},"21":{"start":{"line":74,"column":29},"end":{"line":74,"column":60}},"22":{"start":{"line":75,"column":6},"end":{"line":85,"column":8}},"23":{"start":{"line":87,"column":6},"end":{"line":87,"column":16}},"24":{"start":{"line":96,"column":18},"end":{"line":96,"column":64}},"25":{"start":{"line":97,"column":4},"end":{"line":97,"column":19}},"26":{"start":{"line":104,"column":4},"end":{"line":106,"column":7}},"27":{"start":{"line":110,"column":0},"end":{"line":110,"column":23}}},"fnMap":{"0":{"name":"(anonymous_0)","decl":{"start":{"line":34,"column":2},"end":{"line":34,"column":3}},"loc":{"start":{"line":34,"column":22},"end":{"line":45,"column":3}},"line":34},"1":{"name":"(anonymous_1)","decl":{"start":{"line":47,"column":2},"end":{"line":47,"column":3}},"loc":{"start":{"line":47,"column":13},"end":{"line":55,"column":3}},"line":47},"2":{"name":"(anonymous_2)","decl":{"start":{"line":68,"column":2},"end":{"line":68,"column":3}},"loc":{"start":{"line":68,"column":33},"end":{"line":89,"column":3}},"line":68},"3":{"name":"(anonymous_3)","decl":{"start":{"line":95,"column":2},"end":{"line":95,"column":3}},"loc":{"start":{"line":95,"column":32},"end":{"line":98,"column":3}},"line":95},"4":{"name":"(anonymous_4)","decl":{"start":{"line":103,"column":2},"end":{"line":103,"column":3}},"loc":{"start":{"line":103,"column":16},"end":{"line":107,"column":3}},"line":103}},"branchMap":{"0":{"loc":{"start":{"line":43,"column":19},"end":{"line":43,"column":41}},"type":"binary-expr","locations":[{"start":{"line":43,"column":19},"end":{"line":43,"column":33}},{"start":{"line":43,"column":37},"end":{"line":43,"column":41}}],"line":43},"1":{"loc":{"start":{"line":71,"column":6},"end":{"line":73,"column":7}},"type":"if","locations":[{"start":{"line":71,"column":6},"end":{"line":73,"column":7}},{"start":{},"end":{}}],"line":71},"2":{"loc":{"start":{"line":71,"column":10},"end":{"line":71,"column":56}},"type":"binary-expr","locations":[{"start":{"line":71,"column":10},"end":{"line":71,"column":16}},{"start":{"line":71,"column":20},"end":{"line":71,"column":30}},{"start":{"line":71,"column":34},"end":{"line":71,"column":43}},{"start":{"line":71,"column":47},"end":{"line":71,"column":56}}],"line":71}},"s":{"0":27,"1":27,"2":27,"3":27,"4":27,"5":27,"6":53,"7":53,"8":53,"9":53,"10":53,"11":53,"12":53,"13":53,"14":53,"15":53,"16":76,"17":3,"18":3,"19":3,"20":1,"21":2,"22":1,"23":1,"24":6,"25":6,"26":71,"27":27},"f":{"0":53,"1":76,"2":3,"3":6,"4":71},"b":{"0":[53,51],"1":[1,2],"2":[3,2,2,2]},"_coverageSchema":"1a1c01bbd47fc00a2c39e90264f33305004495a9","hash":"c43b36ad44f96cb4f2e168765be998c51bd53b98"}
,"D:\\Akash\\projects\\javascript\\logoexecutive\\server\\models\\index.js": {"path":"D:\\Akash\\projects\\javascript\\logoexecutive\\server\\models\\index.js","statementMap":{"0":{"start":{"line":1,"column":18},"end":{"line":1,"column":40}},"1":{"start":{"line":2,"column":15},"end":{"line":2,"column":34}},"2":{"start":{"line":3,"column":13},"end":{"line":3,"column":30}},"3":{"start":{"line":4,"column":22},"end":{"line":4,"column":48}},"4":{"start":{"line":5,"column":18},"end":{"line":5,"column":40}},"5":{"start":{"line":6,"column":14},"end":{"line":6,"column":32}},"6":{"start":{"line":8,"column":0},"end":{"line":8,"column":78}}},"fnMap":{},"branchMap":{},"s":{"0":27,"1":27,"2":27,"3":27,"4":27,"5":27,"6":27},"f":{},"b":{},"_coverageSchema":"1a1c01bbd47fc00a2c39e90264f33305004495a9","hash":"267525d1face4a12da379b358531513692e39510"}
,"D:\\Akash\\projects\\javascript\\logoexecutive\\server\\routes\\admin.js": {"path":"D:\\Akash\\projects\\javascript\\logoexecutive\\server\\routes\\admin.js","statementMap":{"0":{"start":{"line":1,"column":15},"end":{"line":1,"column":42}},"1":{"start":{"line":2,"column":27},"end":{"line":2,"column":62}},"2":{"start":{"line":3,"column":15},"end":{"line":3,"column":51}},"3":{"start":{"line":4,"column":34},"end":{"line":4,"column":72}},"4":{"start":{"line":5,"column":32},"end":{"line":5,"column":68}},"5":{"start":{"line":6,"column":23},"end":{"line":6,"column":53}},"6":{"start":{"line":9,"column":0},"end":{"line":13,"column":2}},"7":{"start":{"line":15,"column":0},"end":{"line":20,"column":2}},"8":{"start":{"line":22,"column":0},"end":{"line":26,"column":2}},"9":{"start":{"line":27,"column":0},"end":{"line":27,"column":24}}},"fnMap":{},"branchMap":{},"s":{"0":19,"1":19,"2":19,"3":19,"4":19,"5":19,"6":19,"7":19,"8":19,"9":19},"f":{},"b":{},"_coverageSchema":"1a1c01bbd47fc00a2c39e90264f33305004495a9","hash":"a0a933529bd6d02fdf1a72cd59b65d96d946f73b"}
,"D:\\Akash\\projects\\javascript\\logoexecutive\\server\\routes\\auth.js": {"path":"D:\\Akash\\projects\\javascript\\logoexecutive\\server\\routes\\auth.js","statementMap":{"0":{"start":{"line":1,"column":15},"end":{"line":1,"column":42}},"1":{"start":{"line":2,"column":25},"end":{"line":2,"column":65}},"2":{"start":{"line":3,"column":25},"end":{"line":3,"column":65}},"3":{"start":{"line":4,"column":30},"end":{"line":4,"column":70}},"4":{"start":{"line":5,"column":33},"end":{"line":5,"column":82}},"5":{"start":{"line":6,"column":26},"end":{"line":6,"column":67}},"6":{"start":{"line":7,"column":32},"end":{"line":7,"column":80}},"7":{"start":{"line":9,"column":0},"end":{"line":9,"column":41}},"8":{"start":{"line":10,"column":0},"end":{"line":10,"column":41}},"9":{"start":{"line":11,"column":0},"end":{"line":11,"column":42}},"10":{"start":{"line":12,"column":0},"end":{"line":12,"column":45}},"11":{"start":{"line":13,"column":0},"end":{"line":13,"column":58}},"12":{"start":{"line":14,"column":0},"end":{"line":14,"column":59}},"13":{"start":{"line":15,"column":0},"end":{"line":15,"column":63}},"14":{"start":{"line":17,"column":0},"end":{"line":17,"column":24}}},"fnMap":{},"branchMap":{},"s":{"0":19,"1":19,"2":19,"3":19,"4":19,"5":19,"6":19,"7":19,"8":19,"9":19,"10":19,"11":19,"12":19,"13":19,"14":19},"f":{},"b":{},"_coverageSchema":"1a1c01bbd47fc00a2c39e90264f33305004495a9","hash":"5c9e1990a29626ec81332175c352d81040cc48af"}
,"D:\\Akash\\projects\\javascript\\logoexecutive\\server\\routes\\business.js": {"path":"D:\\Akash\\projects\\javascript\\logoexecutive\\server\\routes\\business.js","statementMap":{"0":{"start":{"line":1,"column":15},"end":{"line":1,"column":42}},"1":{"start":{"line":2,"column":26},"end":{"line":2,"column":65}},"2":{"start":{"line":4,"column":0},"end":{"line":4,"column":39}},"3":{"start":{"line":6,"column":0},"end":{"line":6,"column":24}}},"fnMap":{},"branchMap":{},"s":{"0":19,"1":19,"2":19,"3":19},"f":{},"b":{},"_coverageSchema":"1a1c01bbd47fc00a2c39e90264f33305004495a9","hash":"fb21fa925894504f82c6f971d224cb0b0589c7dc"}
[...]
:"updatePasswordbyUser","decl":{"start":{"line":109,"column":15},"end":{"line":109,"column":35}},"loc":{"start":{"line":109,"column":59},"end":{"line":119,"column":1}},"line":109},"7":{"name":"verifyUser","decl":{"start":{"line":121,"column":15},"end":{"line":121,"column":25}},"loc":{"start":{"line":121,"column":32},"end":{"line":129,"column":1}},"line":121},"8":{"name":"updateUser","decl":{"start":{"line":131,"column":15},"end":{"line":131,"column":25}},"loc":{"start":{"line":131,"column":47},"end":{"line":146,"column":1}},"line":131},"9":{"name":"deleteUserAccount","decl":{"start":{"line":148,"column":15},"end":{"line":148,"column":32}},"loc":{"start":{"line":148,"column":41},"end":{"line":178,"column":1}},"line":148},"10":{"name":"(anonymous_10)","decl":{"start":{"line":150,"column":28},"end":{"line":150,"column":29}},"loc":{"start":{"line":150,"column":51},"end":{"line":174,"column":5}},"line":150},"11":{"name":"(anonymous_11)","decl":{"start":{"line":164,"column":35},"end":{"line":164,"column":36}},"loc":{"start":{"line":164,"column":44},"end":{"line":164,"column":71}},"line":164},"12":{"name":"(anonymous_12)","decl":{"start":{"line":172,"column":28},"end":{"line":172,"column":29}},"loc":{"start":{"line":172,"column":37},"end":{"line":172,"column":64}},"line":172}},"branchMap":{"0":{"loc":{"start":{"line":48,"column":4},"end":{"line":48,"column":35}},"type":"if","locations":[{"start":{"line":48,"column":4},"end":{"line":48,"column":35}},{"start":{},"end":{}}],"line":48},"1":{"loc":{"start":{"line":76,"column":4},"end":{"line":76,"column":30}},"type":"if","locations":[{"start":{"line":76,"column":4},"end":{"line":76,"column":30}},{"start":{},"end":{}}],"line":76},"2":{"loc":{"start":{"line":81,"column":4},"end":{"line":81,"column":29}},"type":"if","locations":[{"start":{"line":81,"column":4},"end":{"line":81,"column":29}},{"start":{},"end":{}}],"line":81},"3":{"loc":{"start":{"line":98,"column":4},"end":{"line":98,"column":40}},"type":"if","locations":[{"start":{"line":98,"column":4},"end":{"line":98,"column":40}},{"start":{},"end":{}}],"line":98},"4":{"loc":{"start":{"line":124,"column":4},"end":{"line":124,"column":30}},"type":"if","locations":[{"start":{"line":124,"column":4},"end":{"line":124,"column":30}},{"start":{},"end":{}}],"line":124},"5":{"loc":{"start":{"line":141,"column":4},"end":{"line":141,"column":31}},"type":"if","locations":[{"start":{"line":141,"column":4},"end":{"line":141,"column":31}},{"start":{},"end":{}}],"line":141},"6":{"loc":{"start":{"line":154,"column":6},"end":{"line":157,"column":7}},"type":"if","locations":[{"start":{"line":154,"column":6},"end":{"line":157,"column":7}},{"start":{},"end":{}}],"line":154},"7":{"loc":{"start":{"line":171,"column":6},"end":{"line":173,"column":7}},"type":"if","locations":[{"start":{"line":171,"column":6},"end":{"line":173,"column":7}},{"start":{},"end":{}}],"line":171}},"s":{"0":15,"1":15,"2":15,"3":15,"4":15,"5":15,"6":5,"7":5,"8":4,"9":1,"10":4,"11":4,"12":3,"13":6,"14":3,"15":1,"16":3,"17":3,"18":2,"19":1,"20":1,"21":1,"22":1,"23":4,"24":4,"25":4,"26":4,"27":1,"28":3,"29":2,"30":1,"31":1,"32":1,"33":1,"34":3,"35":3,"36":2,"37":1,"38":1,"39":1,"40":2,"41":2,"42":1,"43":1,"44":3,"45":3,"46":2,"47":1,"48":1,"49":1,"50":3,"51":3,"52":3,"53":3,"54":3,"55":2,"56":1,"57":1,"58":1,"59":3,"60":3,"61":2,"62":2,"63":1,"64":1,"65":2,"66":2,"67":3,"68":2,"69":2,"70":1,"71":1,"72":1,"73":15},"f":{"0":5,"1":4,"2":6,"3":3,"4":4,"5":3,"6":2,"7":3,"8":3,"9":3,"10":2,"11":3,"12":1},"b":{"0":[1,1],"1":[1,3],"2":[1,1],"3":[1,1],"4":[1,1],"5":[1,1],"6":[1,1],"7":[1,1]},"_coverageSchema":"1a1c01bbd47fc00a2c39e90264f33305004495a9","hash":"65c30ff3e6760ae08ea73e2527a1da60526539a8"}
,"D:\\Akash\\projects\\javascript\\logoexecutive\\server\\services\\admin.js": {"path":"D:\\Akash\\projects\\javascript\\logoexecutive\\server\\services\\admin.js","statementMap":{"0":{"start":{"line":1,"column":21},"end":{"line":1,"column":50}},"1":{"start":{"line":2,"column":27},"end":{"line":2,"column":56}},"2":{"start":{"line":5,"column":2},"end":{"line":26,"column":3}},"3":{"start":{"line":6,"column":20},"end":{"line":8,"column":12}},"4":{"start":{"line":9,"column":4},"end":{"line":9,"column":35}},"5":{"start":{"line":9,"column":23},"end":{"line":9,"column":35}},"6":{"start":{"line":10,"column":21},"end":{"line":10,"column":52}},"7":{"start":{"line":11,"column":4},"end":{"line":16,"column":5}},"8":{"start":{"line":12,"column":6},"end":{"line":15,"column":8}},"9":{"start":{"line":17,"column":24},"end":{"line":17,"column":52}},"10":{"start":{"line":18,"column":16},"end":{"line":18,"column":31}},"11":{"start":{"line":19,"column":4},"end":{"line":19,"column":38}},"12":{"start":{"line":20,"column":4},"end":{"line":23,"column":6}},"13":{"start":{"line":25,"column":4},"end":{"line":25,"column":14}},"14":{"start":{"line":29,"column":0},"end":{"line":29,"column":34}}},"fnMap":{"0":{"name":"setUserAdmin","decl":{"start":{"line":4,"column":15},"end":{"line":4,"column":27}},"loc":{"start":{"line":4,"column":35},"end":{"line":27,"column":1}},"line":4}},"branchMap":{"0":{"loc":{"start":{"line":9,"column":4},"end":{"line":9,"column":35}},"type":"if","locations":[{"start":{"line":9,"column":4},"end":{"line":9,"column":35}},{"start":{},"end":{}}],"line":9},"1":{"loc":{"start":{"line":11,"column":4},"end":{"line":16,"column":5}},"type":"if","locations":[{"start":{"line":11,"column":4},"end":{"line":16,"column":5}},{"start":{},"end":{}}],"line":11}},"s":{"0":24,"1":24,"2":4,"3":4,"4":3,"5":1,"6":2,"7":2,"8":1,"9":1,"10":1,"11":1,"12":1,"13":1,"14":24},"f":{"0":4},"b":{"0":[1,2],"1":[1,1]},"_coverageSchema":"1a1c01bbd47fc00a2c39e90264f33305004495a9","hash":"13b879f149388500d929b210f3401c715dda8bf5"}
,"D:\\Akash\\projects\\javascript\\logoexecutive\\server\\services\\index.js": {"path":"D:\\Akash\\projects\\javascript\\logoexecutive\\server\\services\\index.js","statementMap":{"0":{"start":{"line":1,"column":35},"end":{"line":1,"column":57}},"1":{"start":{"line":2,"column":92},"end":{"line":2,"column":111}},"2":{"start":{"line":3,"column":70},"end":{"line":3,"column":87}},"3":{"start":{"line":4,"column":58},"end":{"line":4,"column":84}},"4":{"start":{"line":6,"column":45},"end":{"line":6,"column":67}},"5":{"start":{"line":8,"column":84},"end":{"line":8,"column":102}},"6":{"start":{"line":9,"column":25},"end":{"line":9,"column":43}},"7":{"start":{"line":10,"column":25},"end":{"line":10,"column":47}},"8":{"start":{"line":11,"column":21},"end":{"line":11,"column":40}},"9":{"start":{"line":12,"column":19},"end":{"line":12,"column":36}},"10":{"start":{"line":13,"column":28},"end":{"line":13,"column":54}},"11":{"start":{"line":14,"column":25},"end":{"line":14,"column":47}},"12":{"start":{"line":15,"column":20},"end":{"line":15,"column":38}},"13":{"start":{"line":16,"column":21},"end":{"line":16,"column":39}},"14":{"start":{"line":18,"column":0},"end":{"line":27,"column":2}}},"fnMap":{},"branchMap":{},"s":{"0":25,"1":25,"2":25,"3":25,"4":25,"5":25,"6":25,"7":25,"8":25,"9":25,"10":25,"11":25,"12":25,"13":25,"14":25},"f":{},"b":{},"_coverageSchema":"1a1c01bbd47fc00a2c39e90264f33305004495a9","hash":"d1ff5762db7715ccf7ee82811076ef41ecafa1fb"}
,"D:\\Akash\\projects\\javascript\\logoexecutive\\server\\utils\\cloudFront.js": {"path":"D:\\Akash\\projects\\javascript\\logoexecutive\\server\\utils\\cloudFront.js","statementMap":{"0":{"start":{"line":1,"column":25},"end":{"line":1,"column":62}},"1":{"start":{"line":3,"column":21},"end":{"line":3,"column":50}},"2":{"start":{"line":6,"column":29},"end":{"line":6,"column":60}},"3":{"start":{"line":7,"column":2},"end":{"line":17,"column":3}},"4":{"start":{"line":8,"column":4},"end":{"line":16,"column":6}},"5":{"start":{"line":18,"column":2},"end":{"line":21,"column":4}},"6":{"start":{"line":24,"column":0},"end":{"line":24,"column":41}}},"fnMap":{"0":{"name":"cloudFrontSignedURL","decl":{"start":{"line":5,"column":9},"end":{"line":5,"column":28}},"loc":{"start":{"line":5,"column":35},"end":{"line":22,"column":1}},"line":5}},"branchMap":{"0":{"loc":{"start":{"line":7,"column":2},"end":{"line":17,"column":3}},"type":"if","locations":[{"start":{"line":7,"column":2},"end":{"line":17,"column":3}},{"start":{},"end":{}}],"line":7}},"s":{"0":21,"1":21,"2":2,"3":2,"4":1,"5":1,"6":21},"f":{"0":2},"b":{"0":[1,1]},"_coverageSchema":"1a1c01bbd47fc00a2c39e90264f33305004495a9","hash":"56dbd6f3fe0663c10253b49a2b812fe557fa9488"}
,"D:\\Akash\\projects\\javascript\\logoexecutive\\server\\utils\\constants.js": {"path":"D:\\Akash\\projects\\javascript\\logoexecutive\\server\\utils\\constants.js","statementMap":{"0":{"start":{"line":5,"column":23},"end":{"line":8,"column":1}},"1":{"start":{"line":10,"column":17},"end":{"line":13,"column":1}},"2":{"start":{"line":15,"column":26},"end":{"line":19,"column":1}},"3":{"start":{"line":21,"column":0},"end":{"line":21,"column":65}}},"fnMap":{},"branchMap":{},"s":{"0":27,"1":27,"2":27,"3":27},"f":{},"b":{},"_coverageSchema":"1a1c01bbd47fc00a2c39e90264f33305004495a9","hash":"c6b4abe12d4d6defa4927f63c31d265749074c83"}
,"D:\\Akash\\projects\\javascript\\logoexecutive\\server\\utils\\date.js": {"path":"D:\\Akash\\projects\\javascript\\logoexecutive\\server\\utils\\date.js","statementMap":{"0":{"start":{"line":1,"column":22},"end":{"line":1,"column":57}},"1":{"start":{"line":8,"column":2},"end":{"line":8,"column":54}},"2":{"start":{"line":8,"column":33},"end":{"line":8,"column":54}},"3":{"start":{"line":10,"column":2},"end":{"line":11,"column":26}},"4":{"start":{"line":11,"column":4},"end":{"line":11,"column":26}},"5":{"start":{"line":13,"column":2},"end":{"line":13,"column":54}},"6":{"start":{"line":13,"column":32},"end":{"line":13,"column":54}},"7":{"start":{"line":15,"column":2},"end":{"line":15,"column":14}},"8":{"start":{"line":18,"column":0},"end":{"line":18,"column":35}}},"fnMap":{"0":{"name":"normalizeDate","decl":{"start":{"line":7,"column":9},"end":{"line":7,"column":22}},"loc":{"start":{"line":7,"column":29},"end":{"line":16,"column":1}},"line":7}},"branchMap":{"0":{"loc":{"start":{"line":8,"column":2},"end":{"line":8,"column":54}},"type":"if","locations":[{"start":{"line":8,"column":2},"end":{"line":8,"column":54}},{"start":{},"end":{}}],"line":8},"1":{"loc":{"start":{"line":10,"column":2},"end":{"line":11,"column":26}},"type":"if","locations":[{"start":{"line":10,"column":2},"end":{"line":11,"column":26}},{"start":{},"end":{}}],"line":10},"2":{"loc":{"start":{"line":13,"column":2},"end":{"line":13,"column":54}},"type":"if","locations":[{"start":{"line":13,"column":2},"end":{"line":13,"column":54}},{"start":{},"end":{}}],"line":13}},"s":{"0":28,"1":160,"2":145,"3":15,"4":12,"5":3,"6":1,"7":2,"8":28},"f":{"0":160},"b":{"0":[145,15],"1":[12,3],"2":[1,2]},"_coverageSchema":"1a1c01bbd47fc00a2c39e90264f33305004495a9","hash":"5fd9ffe070f922e6ea523668c0c46564d6f16c62"}
,"D:\\Akash\\projects\\javascript\\logoexecutive\\server\\utils\\firestore.js": {"path":"D:\\Akash\\projects\\javascript\\logoexecutive\\server\\utils\\firestore.js","statementMap":{"0":{"start":{"line":1,"column":14},"end":{"line":1,"column":39}},"1":{"start":{"line":2,"column":11},"end":{"line":2,"column":24}},"2":{"start":{"line":3,"column":13},"end":{"line":3,"column":28}},"3":{"start":{"line":6,"column":23},"end":{"line":6,"column":73}},"4":{"start":{"line":7,"column":32},"end":{"line":7,"column":61}},"5":{"start":{"line":9,"column":0},"end":{"line":27,"column":1}},"6":{"start":{"line":10,"column":2},"end":{"line":10,"column":50}},"7":{"start":{"line":12,"column":2},"end":{"line":26,"column":4}},"8":{"start":{"line":29,"column":0},"end":{"line":38,"column":1}},"9":{"start":{"line":30,"column":2},"end":{"line":30,"column":57}},"10":{"start":{"line":31,"column":2},"end":{"line":33,"column":5}},"11":{"start":{"line":35,"column":2},"end":{"line":37,"column":5}},"12":{"start":{"line":40,"column":11},"end":{"line":40,"column":28}},"13":{"start":{"line":41,"column":23},"end":{"line":41,"column":45}},"14":{"start":{"line":42,"column":28},"end":{"line":42,"column":55}},"15":{"start":{"line":43,"column":22},"end":{"line":43,"column":43}},"16":{"start":{"line":44,"column":31},"end":{"line":44,"column":61}},"17":{"start":{"line":45,"column":24},"end":{"line":45,"column":47}},"18":{"start":{"line":46,"column":28},"end":{"line":46,"column":55}},"19":{"start":{"line":48,"column":0},"end":{"line":49,"column":59}}},"fnMap":{},"branchMap":{"0":{"loc":{"start":{"line":9,"column":0},"end":{"line":27,"column":1}},"type":"if","locations":[{"start":{"line":9,"column":0},"end":{"line":27,"column":1}},{"start":{"line":11,"column":5},"end":{"line":27,"column":1}}],"line":9},"1":{"loc":{"start":{"line":16,"column":17},"end":{"line":18,"column":17}},"type":"cond-expr","locations":[{"start":{"line":17,"column":8},"end":{"line":17,"column":64}},{"start":{"line":18,"column":8},"end":{"line":18,"column":17}}],"line":16},"2":{"loc":{"start":{"line":29,"column":0},"end":{"line":38,"column":1}},"type":"if","locations":[{"start":{"line":29,"column":0},"end":{"line":38,"column":1}},{"start":{"line":34,"column":7},"end":{"line":38,"column":1}}],"line":29},"3":{"loc":{"start":{"line":29,"column":3},"end":{"line":29,"column":69}},"type":"binary-expr","locations":[{"start":{"line":29,"column":3},"end":{"line":29,"column":34}},{"start":{"line":29,"column":38},"end":{"line":29,"column":69}}],"line":29}},"s":{"0":26,"1":26,"2":26,"3":26,"4":26,"5":26,"6":0,"7":26,"8":26,"9":26,"10":26,"11":0,"12":26,"13":26,"14":26,"15":26,"16":26,"17":26,"18":26,"19":26},"f":{},"b":{"0":[0,26],"1":[0,26],"2":[26,0],"3":[26,0]},"_coverageSchema":"1a1c01bbd47fc00a2c39e90264f33305004495a9","hash":"f93abfceae2f67475ee3acd3b19e7e652762752a"}
,"D:\\Akash\\projects\\javascript\\logoexecutive\\server\\utils\\sendEmail.js": {"path":"D:\\Akash\\projects\\javascript\\logoexecutive\\server\\utils\\sendEmail.js","statementMap":{"0":{"start":{"line":1,"column":19},"end":{"line":1,"column":40}},"1":{"start":{"line":13,"column":2},"end":{"line":34,"column":3}},"2":{"start":{"line":14,"column":24},"end":{"line":23,"column":6}},"3":{"start":{"line":24,"column":4},"end":{"line":29,"column":7}},"4":{"start":{"line":30,"column":4},"end":{"line":30,"column":29}},"5":{"start":{"line":32,"column":4},"end":{"line":32,"column":25}},"6":{"start":{"line":33,"column":4},"end":{"line":33,"column":44}},"7":{"start":{"line":37,"column":0},"end":{"line":37,"column":31}}},"fnMap":{"0":{"name":"sendEmail","decl":{"start":{"line":12,"column":15},"end":{"line":12,"column":24}},"loc":{"start":{"line":12,"column":47},"end":{"line":35,"column":1}},"line":12}},"branchMap":{},"s":{"0":18,"1":2,"2":2,"3":2,"4":1,"5":1,"6":1,"7":18},"f":{"0":2},"b":{},"_coverageSchema":"1a1c01bbd47fc00a2c39e90264f33305004495a9","hash":"5dfc559998ea8d084df7c75b351953ed331a7a88"}
,"D:\\Akash\\projects\\javascript\\logoexecutive\\server\\utils\\mocks\\Images.js": {"path":"D:\\Akash\\projects\\javascript\\logoexecutive\\server\\utils\\mocks\\Images.js","statementMap":{"0":{"start":{"line":1,"column":22},"end":{"line":1,"column":57}},"1":{"start":{"line":4,"column":19},"end":{"line":17,"column":1}},"2":{"start":{"line":19,"column":0},"end":{"line":19,"column":32}}},"fnMap":{},"branchMap":{},"s":{"0":1,"1":1,"2":1},"f":{},"b":{},"_coverageSchema":"1a1c01bbd47fc00a2c39e90264f33305004495a9","hash":"ef92f5fec835a04264a5101c138dc1c43df14d57"}
,"D:\\Akash\\projects\\javascript\\logoexecutive\\server\\utils\\mocks\\Keys.js": {"path":"D:\\Akash\\projects\\javascript\\logoexecutive\\server\\utils\\mocks\\Keys.js","statementMap":{"0":{"start":{"line":1,"column":22},"end":{"line":1,"column":57}},"1":{"start":{"line":3,"column":17},"end":{"line":13,"column":1}},"2":{"start":{"line":15,"column":0},"end":{"line":15,"column":30}}},"fnMap":{},"branchMap":{},"s":{"0":3,"1":3,"2":3},"f":{},"b":{},"_coverageSchema":"1a1c01bbd47fc00a2c39e90264f33305004495a9","hash":"00ba4e9c887282b08073a34ef9c7cf922827b85d"}
,"D:\\Akash\\projects\\javascript\\logoexecutive\\server\\utils\\mocks\\Subscriptions.js": {"path":"D:\\Akash\\projects\\javascript\\logoexecutive\\server\\utils\\mocks\\Subscriptions.js","statementMap":{"0":{"start":{"line":1,"column":22},"end":{"line":1,"column":57}},"1":{"start":{"line":2,"column":30},"end":{"line":2,"column":53}},"2":{"start":{"line":9,"column":26},"end":{"line":40,"column":1}},"3":{"start":{"line":42,"column":0},"end":{"line":42,"column":39}}},"fnMap":{},"branchMap":{},"s":{"0":2,"1":2,"2":2,"3":2},"f":{},"b":{},"_coverageSchema":"1a1c01bbd47fc00a2c39e90264f33305004495a9","hash":"616573930ef6ce690d9f4b96205148052a260a2f"}
,"D:\\Akash\\projects\\javascript\\logoexecutive\\server\\utils\\mocks\\UserToken.js": {"path":"D:\\Akash\\projects\\javascript\\logoexecutive\\server\\utils\\mocks\\UserToken.js","statementMap":{"0":{"start":{"line":1,"column":22},"end":{"line":1,"column":57}},"1":{"start":{"line":2,"column":27},"end":{"line":2,"column":50}},"2":{"start":{"line":10,"column":23},"end":{"line":43,"column":1}},"3":{"start":{"line":45,"column":0},"end":{"line":45,"column":36}}},"fnMap":{},"branchMap":{},"s":{"0":5,"1":5,"2":5,"3":5},"f":{},"b":{},"_coverageSchema":"1a1c01bbd47fc00a2c39e90264f33305004495a9","hash":"b63cb832a8f4ac4872a54a3b3f7161cc244b4ec6"}
,"D:\\Akash\\projects\\javascript\\logoexecutive\\server\\utils\\mocks\\Users.js": {"path":"D:\\Akash\\projects\\javascript\\logoexecutive\\server\\utils\\mocks\\Users.js","statementMap":{"0":{"start":{"line":1,"column":15},"end":{"line":1,"column":32}},"1":{"start":{"line":2,"column":21},"end":{"line":2,"column":44}},"2":{"start":{"line":3,"column":22},"end":{"line":3,"column":57}},"3":{"start":{"line":8,"column":18},"end":{"line":42,"column":1}},"4":{"start":{"line":44,"column":0},"end":{"line":44,"column":31}}},"fnMap":{},"branchMap":{},"s":{"0":16,"1":16,"2":16,"3":16,"4":16},"f":{},"b":{},"_coverageSchema":"1a1c01bbd47fc00a2c39e90264f33305004495a9","hash":"94d3dc509eb270a443d008fdda1fdc4029a7a28d"}
,"D:\\Akash\\projects\\javascript\\logoexecutive\\server\\utils\\mocks\\contactUs.js": {"path":"D:\\Akash\\projects\\javascript\\logoexecutive\\server\\utils\\mocks\\contactUs.js","statementMap":{"0":{"start":{"line":1,"column":22},"end":{"line":1,"column":57}},"1":{"start":{"line":3,"column":26},"end":{"line":24,"column":1}},"2":{"start":{"line":26,"column":0},"end":{"line":26,"column":39}}},"fnMap":{},"branchMap":{},"s":{"0":2,"1":2,"2":2},"f":{},"b":{},"_coverageSchema":"1a1c01bbd47fc00a2c39e90264f33305004495a9","hash":"82241192c4a93888cd8c68e3c3730e2c789db39c"}
,"D:\\Akash\\projects\\javascript\\logoexecutive\\server\\utils\\scripts\\envSchema.js": {"path":"D:\\Akash\\projects\\javascript\\logoexecutive\\server\\utils\\scripts\\envSchema.js","statementMap":{"0":{"start":{"line":1,"column":12},"end":{"line":1,"column":26}},"1":{"start":{"line":3,"column":18},"end":{"line":27,"column":16}},"2":{"start":{"line":29,"column":26},"end":{"line":40,"column":16}},"3":{"start":{"line":48,"column":20},"end":{"line":53,"column":1}},"4":{"start":{"line":49,"column":2},"end":{"line":51,"column":3}},"5":{"start":{"line":50,"column":4},"end":{"line":50,"column":35}},"6":{"start":{"line":52,"column":2},"end":{"line":52,"column":41}},"7":{"start":{"line":55,"column":0},"end":{"line":57,"column":2}}},"fnMap":{"0":{"name":"(anonymous_0)","decl":{"start":{"line":48,"column":20},"end":{"line":48,"column":21}},"loc":{"start":{"line":48,"column":41},"end":{"line":53,"column":1}},"line":48}},"branchMap":{"0":{"loc":{"start":{"line":48,"column":26},"end":{"line":48,"column":36}},"type":"default-arg","locations":[{"start":{"line":48,"column":34},"end":{"line":48,"column":36}}],"line":48},"1":{"loc":{"start":{"line":49,"column":2},"end":{"line":51,"column":3}},"type":"if","locations":[{"start":{"line":49,"column":2},"end":{"line":51,"column":3}},{"start":{},"end":{}}],"line":49}},"s":{"0":1,"1":1,"2":1,"3":1,"4":16,"5":7,"6":9,"7":1},"f":{"0":16},"b":{"0":[2],"1":[7,9]},"_coverageSchema":"1a1c01bbd47fc00a2c39e90264f33305004495a9","hash":"28ecc68133a9c8bc3e282774bd7dbd5f233ff485"}
}
