TN:
SF:app.js
FNF:0
FNH:0
DA:1,19
DA:2,19
DA:4,19
DA:5,19
DA:7,19
DA:9,19
DA:10,19
DA:12,19
DA:14,19
DA:15,19
DA:17,19
LF:11
LH:11
BRF:0
BRH:0
end_of_record
TN:
SF:controllers\admin\add.js
FN:19,(anonymous_0)
FNF:1
FNH:1
FNDA:8,(anonymous_0)
DA:1,19
DA:2,19
DA:3,19
DA:5,19
DA:19,19
DA:20,8
DA:21,8
DA:22,8
DA:23,8
DA:24,4
DA:31,4
DA:32,3
DA:33,1
DA:40,2
DA:41,1
DA:43,1
DA:48,1
DA:52,19
LF:18
LH:18
BRDA:23,0,0,4
BRDA:23,0,1,4
BRDA:32,1,0,1
BRDA:32,1,1,2
BRDA:40,2,0,1
BRDA:40,2,1,1
BRF:6
BRH:6
end_of_record
TN:
SF:controllers\admin\data.js
FN:4,(anonymous_0)
FNF:1
FNH:1
FNDA:4,(anonymous_0)
DA:1,19
DA:2,19
DA:4,19
DA:5,4
DA:6,4
DA:7,4
DA:8,3
DA:9,1
DA:15,2
DA:16,2
DA:17,1
DA:22,1
DA:27,1
DA:31,19
LF:14
LH:14
BRDA:8,0,0,1
BRDA:8,0,1,2
BRDA:16,1,0,1
BRDA:16,1,1,1
BRF:4
BRH:4
end_of_record
TN:
SF:controllers\admin\upload.js
FN:14,adminUploadController
FNF:1
FNH:1
FNDA:8,adminUploadController
DA:1,19
DA:2,19
DA:3,19
DA:4,19
DA:6,19
DA:15,8
DA:16,8
DA:17,8
DA:18,8
DA:20,8
DA:21,3
DA:30,5
DA:31,5
DA:32,1
DA:38,4
DA:39,4
DA:40,4
DA:41,4
DA:43,4
DA:44,4
DA:45,1
DA:51,4
DA:56,3
DA:57,2
DA:64,2
DA:70,3
DA:74,19
LF:27
LH:27
BRDA:20,0,0,3
BRDA:20,0,1,5
BRDA:20,1,0,8
BRDA:20,1,1,6
BRDA:23,2,0,2
BRDA:23,2,1,1
BRDA:31,3,0,1
BRDA:31,3,1,4
BRDA:44,4,0,1
BRDA:44,4,1,3
BRDA:56,5,0,2
BRDA:56,5,1,1
BRF:12
BRH:12
end_of_record
TN:
SF:controllers\auth\forgot-password.js
FN:18,(anonymous_0)
FN:23,forgotPasswordController
FNF:2
FNH:2
FNDA:2,(anonymous_0)
FNDA:7,forgotPasswordController
DA:1,19
DA:2,19
DA:3,19
DA:4,19
DA:6,19
DA:18,19
DA:24,7
DA:25,7
DA:26,7
DA:27,2
DA:33,5
DA:34,5
DA:35,4
DA:36,1
DA:42,3
DA:43,3
DA:44,1
DA:50,2
DA:51,2
DA:52,2
DA:53,1
DA:59,1
DA:65,1
DA:69,19
LF:24
LH:24
BRDA:26,0,0,2
BRDA:26,0,1,5
BRDA:35,1,0,1
BRDA:35,1,1,3
BRDA:43,2,0,1
BRDA:43,2,1,2
BRDA:52,3,0,1
BRDA:52,3,1,1
BRF:8
BRH:8
end_of_record
TN:
SF:controllers\auth\reset-password.js
FN:18,get
FN:77,(anonymous_1)
FNF:2
FNH:2
FNDA:5,get
FNDA:9,(anonymous_1)
DA:1,19
DA:2,19
DA:3,19
DA:4,19
DA:10,19
DA:12,19
DA:19,5
DA:20,5
DA:21,5
DA:22,1
DA:28,4
DA:29,3
DA:30,1
DA:36,2
DA:37,1
DA:43,1
DA:50,1
DA:54,1
DA:58,19
DA:77,19
DA:78,9
DA:79,9
DA:80,9
DA:81,1
DA:88,8
DA:92,8
DA:93,8
DA:94,8
DA:95,4
DA:102,4
DA:103,4
DA:104,3
DA:105,3
DA:106,2
DA:107,2
DA:108,1
DA:114,1
DA:115,1
DA:120,1
DA:127,1
DA:131,19
LF:41
LH:41
BRDA:21,0,0,1
BRDA:21,0,1,4
BRDA:29,1,0,1
BRDA:29,1,1,2
BRDA:36,2,0,1
BRDA:36,2,1,1
BRDA:80,3,0,1
BRDA:80,3,1,8
BRDA:94,4,0,4
BRDA:94,4,1,4
BRDA:105,5,0,2
BRDA:105,5,1,1
BRDA:107,6,0,1
BRDA:107,6,1,1
BRDA:107,7,0,2
BRDA:107,7,1,2
BRF:16
BRH:16
end_of_record
TN:
SF:controllers\auth\signin.js
FN:22,signinController
FNF:1
FNH:1
FNDA:9,signinController
DA:1,19
DA:2,19
DA:3,19
DA:4,19
DA:6,19
DA:23,9
DA:24,9
DA:25,9
DA:26,9
DA:27,4
DA:33,5
DA:34,5
DA:35,4
DA:36,1
DA:42,3
DA:43,1
DA:49,2
DA:50,2
DA:51,1
DA:58,1
DA:61,1
DA:63,1
DA:67,19
LF:23
LH:23
BRDA:26,0,0,4
BRDA:26,0,1,5
BRDA:35,1,0,1
BRDA:35,1,1,3
BRDA:42,2,0,1
BRDA:42,2,1,2
BRDA:50,3,0,1
BRDA:50,3,1,1
BRF:8
BRH:8
end_of_record
TN:
SF:controllers\auth\signout.js
FN:3,signoutController
FNF:1
FNH:1
FNDA:2,signoutController
DA:1,19
DA:4,2
DA:5,2
DA:6,2
DA:7,1
DA:14,1
DA:15,1
DA:16,1
DA:18,0
DA:22,19
LF:10
LH:9
BRDA:6,0,0,1
BRDA:6,0,1,1
BRF:2
BRH:2
end_of_record
TN:
SF:controllers\auth\signup.js
FN:56,signupController
FNF:1
FNH:1
FNDA:16,signupController
DA:1,19
DA:2,19
DA:3,19
DA:5,19
DA:7,19
DA:57,16
DA:58,16
DA:59,16
DA:60,9
DA:67,7
DA:68,7
DA:69,6
DA:70,1
DA:77,5
DA:78,5
DA:79,1
DA:88,4
DA:89,4
DA:90,1
DA:99,3
DA:100,3
DA:101,1
DA:109,2
DA:114,2
DA:115,1
DA:124,1
DA:131,1
DA:135,19
LF:28
LH:28
BRDA:59,0,0,9
BRDA:59,0,1,7
BRDA:69,1,0,1
BRDA:69,1,1,5
BRDA:78,2,0,1
BRDA:78,2,1,4
BRDA:89,3,0,1
BRDA:89,3,1,3
BRDA:100,4,0,1
BRDA:100,4,1,2
BRDA:114,5,0,1
BRDA:114,5,1,1
BRF:12
BRH:12
end_of_record
TN:
SF:controllers\auth\verify.js
FN:9,verifyTokenController
FNF:1
FNH:1
FNDA:8,verifyTokenController
DA:1,19
DA:7,19
DA:10,8
DA:11,8
DA:12,8
DA:13,1
DA:20,7
DA:21,6
DA:22,1
DA:28,5
DA:29,1
DA:35,4
DA:36,4
DA:37,1
DA:43,3
DA:44,3
DA:45,1
DA:51,2
DA:52,2
DA:53,1
DA:60,1
DA:62,1
DA:66,19
LF:23
LH:23
BRDA:12,0,0,1
BRDA:12,0,1,7
BRDA:21,1,0,1
BRDA:21,1,1,5
BRDA:28,2,0,1
BRDA:28,2,1,4
BRDA:36,3,0,1
BRDA:36,3,1,3
BRDA:44,4,0,1
BRDA:44,4,1,2
BRDA:52,5,0,1
BRDA:52,5,1,1
BRF:12
BRH:12
end_of_record
TN:
SF:controllers\business\logo.js
FN:17,getLogoController
FNF:1
FNH:1
FNDA:8,getLogoController
DA:1,19
DA:2,19
DA:3,19
DA:5,19
DA:18,8
DA:19,8
DA:20,8
DA:21,2
DA:28,6
DA:29,6
DA:30,5
DA:31,1
DA:38,4
DA:39,4
DA:40,4
DA:41,1
DA:48,3
DA:53,1
DA:57,19
LF:19
LH:19
BRDA:20,0,0,2
BRDA:20,0,1,6
BRDA:30,1,0,1
BRDA:30,1,1,4
BRDA:40,2,0,1
BRDA:40,2,1,3
BRF:6
BRH:6
end_of_record
TN:
SF:controllers\public\contact-us.js
FN:43,contactUsController
FNF:1
FNH:1
FNDA:10,contactUsController
DA:1,19
DA:2,19
DA:3,19
DA:5,19
DA:44,10
DA:45,10
DA:46,10
DA:47,6
DA:53,4
DA:55,4
DA:56,4
DA:57,1
DA:63,3
DA:64,2
DA:65,1
DA:72,1
DA:77,1
DA:81,19
LF:18
LH:18
BRDA:46,0,0,6
BRDA:46,0,1,4
BRDA:56,1,0,1
BRDA:56,1,1,3
BRDA:64,2,0,1
BRDA:64,2,1,1
BRF:6
BRH:6
end_of_record
TN:
SF:controllers\public\logo.js
FN:14,demoLogoController
FNF:1
FNH:1
FNDA:7,demoLogoController
DA:1,19
DA:2,19
DA:3,19
DA:5,19
DA:15,7
DA:16,7
DA:17,7
DA:18,2
DA:25,5
DA:27,5
DA:28,5
DA:29,4
DA:30,1
DA:37,3
DA:42,1
DA:46,19
LF:16
LH:16
BRDA:17,0,0,2
BRDA:17,0,1,5
BRDA:29,1,0,1
BRDA:29,1,1,3
BRF:4
BRH:4
end_of_record
TN:
SF:controllers\user\data.js
FN:5,getUserDataController
FN:30,(anonymous_1)
FNF:2
FNH:2
FNDA:4,getUserDataController
FNDA:1,(anonymous_1)
DA:1,19
DA:3,19
DA:6,4
DA:7,4
DA:8,4
DA:9,3
DA:10,1
DA:17,2
DA:19,2
DA:21,2
DA:23,2
DA:24,2
DA:25,1
DA:27,1
DA:29,2
DA:30,1
DA:32,1
DA:35,2
DA:37,1
DA:41,19
LF:20
LH:20
BRDA:9,0,0,1
BRDA:9,0,1,2
BRDA:24,1,0,1
BRDA:24,1,1,1
BRDA:24,2,0,2
BRDA:24,2,1,1
BRDA:29,3,0,1
BRDA:29,3,1,1
BRDA:29,4,0,2
BRDA:29,4,1,1
BRF:10
BRH:10
end_of_record
TN:
SF:controllers\user\delete.js
FN:3,deleteUserAccountController
FNF:1
FNH:1
FNDA:2,deleteUserAccountController
DA:1,19
DA:4,2
DA:6,2
DA:7,2
DA:8,1
DA:13,1
DA:17,19
LF:7
LH:7
BRF:0
BRH:0
end_of_record
TN:
SF:controllers\user\destroy.js
FN:12,destroyKeyController
FNF:1
FNH:1
FNDA:5,destroyKeyController
DA:1,19
DA:2,19
DA:3,19
DA:5,19
DA:13,5
DA:14,5
DA:15,5
DA:16,2
DA:23,3
DA:24,3
DA:25,2
DA:26,1
DA:31,1
DA:37,1
DA:41,19
LF:15
LH:15
BRDA:15,0,0,2
BRDA:15,0,1,3
BRDA:25,1,0,1
BRDA:25,1,1,1
BRF:4
BRH:4
end_of_record
TN:
SF:controllers\user\generate.js
FN:24,generateKeyController
FN:53,(anonymous_1)
FNF:2
FNH:2
FNDA:10,generateKeyController
FNDA:2,(anonymous_1)
DA:1,19
DA:2,19
DA:7,19
DA:9,19
DA:25,10
DA:26,10
DA:27,10
DA:28,10
DA:29,5
DA:35,5
DA:36,5
DA:37,4
DA:38,4
DA:39,4
DA:40,4
DA:41,4
DA:43,4
DA:44,1
DA:52,3
DA:54,2
DA:56,3
DA:57,1
DA:64,2
DA:68,2
DA:69,2
DA:75,1
DA:79,19
LF:27
LH:27
BRDA:28,0,0,5
BRDA:28,0,1,5
BRDA:39,1,0,4
BRDA:39,1,1,0
BRDA:40,2,0,4
BRDA:40,2,1,0
BRDA:43,3,0,1
BRDA:43,3,1,3
BRDA:52,4,0,3
BRDA:52,4,1,2
BRDA:56,5,0,1
BRDA:56,5,1,2
BRF:12
BRH:10
end_of_record
TN:
SF:controllers\user\update-password.js
FN:21,updatePasswordController
FNF:1
FNH:1
FNDA:7,updatePasswordController
DA:1,19
DA:2,19
DA:3,19
DA:4,19
DA:6,19
DA:22,7
DA:23,7
DA:24,7
DA:25,3
DA:32,4
DA:33,4
DA:34,4
DA:36,4
DA:37,4
DA:38,1
DA:45,3
DA:46,3
DA:47,2
DA:48,1
DA:53,1
DA:60,1
DA:64,19
LF:22
LH:22
BRDA:24,0,0,3
BRDA:24,0,1,4
BRDA:37,1,0,1
BRDA:37,1,1,3
BRDA:47,2,0,1
BRDA:47,2,1,1
BRF:6
BRH:6
end_of_record
TN:
SF:controllers\user\update-profile.js
FN:39,updateProfileController
FNF:1
FNH:1
FNDA:7,updateProfileController
DA:1,19
DA:2,19
DA:7,19
DA:8,19
DA:10,19
DA:40,7
DA:41,7
DA:42,7
DA:43,7
DA:44,3
DA:51,4
DA:52,4
DA:53,1
DA:60,3
DA:61,2
DA:62,1
DA:68,1
DA:73,1
DA:77,19
LF:19
LH:19
BRDA:43,0,0,3
BRDA:43,0,1,4
BRDA:52,1,0,1
BRDA:52,1,1,3
BRDA:61,2,0,1
BRDA:61,2,1,1
BRF:6
BRH:6
end_of_record
TN:
SF:middlewares\auth.js
FN:9,(anonymous_0)
FN:10,(anonymous_1)
FNF:2
FNH:2
FNDA:173,(anonymous_0)
FNDA:62,(anonymous_1)
DA:1,20
DA:2,20
DA:3,20
DA:9,20
DA:10,173
DA:11,62
DA:12,62
DA:14,62
DA:15,1
DA:22,61
DA:24,59
DA:25,59
DA:26,1
DA:32,58
DA:33,2
DA:39,56
DA:40,56
DA:42,2
LF:18
LH:18
BRDA:9,0,0,115
BRDA:14,1,0,1
BRDA:14,1,1,61
BRDA:25,2,0,1
BRDA:25,2,1,58
BRDA:25,3,0,59
BRDA:25,3,1,59
BRDA:25,3,2,58
BRDA:32,4,0,2
BRDA:32,4,1,56
BRDA:32,5,0,58
BRDA:32,5,1,23
BRF:12
BRH:12
end_of_record
TN:
SF:middlewares\errorHandler.js
FN:3,(anonymous_0)
FNF:1
FNH:1
FNDA:39,(anonymous_0)
DA:1,20
DA:3,20
DA:4,39
DA:11,20
LF:4
LH:4
BRF:0
BRH:0
end_of_record
TN:
SF:middlewares\fileUpload.js
FNF:0
FNH:0
DA:1,17
DA:3,17
DA:7,17
LF:3
LH:3
BRF:0
BRH:0
end_of_record
TN:
SF:middlewares\index.js
FNF:0
FNH:0
DA:1,20
DA:2,20
DA:4,20
LF:3
LH:3
BRF:0
BRH:0
end_of_record
TN:
SF:middlewares\routeNotFound.js
FN:3,(anonymous_0)
FNF:1
FNH:1
FNDA:1,(anonymous_0)
DA:1,21
DA:3,21
DA:4,1
DA:11,1
DA:14,21
LF:5
LH:5
BRF:0
BRH:0
end_of_record
TN:
SF:models\ContactUs.js
FN:24,(anonymous_0)
FNF:1
FNH:1
FNDA:2,(anonymous_0)
DA:1,27
DA:25,2
DA:26,2
DA:27,2
DA:28,2
DA:29,2
DA:30,2
DA:31,2
DA:32,2
DA:37,27
LF:10
LH:10
BRF:0
BRH:0
end_of_record
TN:
SF:models\Images.js
FN:20,(anonymous_0)
FN:29,(anonymous_1)
FN:49,(anonymous_2)
FNF:3
FNH:3
FNDA:1,(anonymous_0)
FNDA:2,(anonymous_1)
FNDA:4,(anonymous_2)
DA:1,27
DA:2,27
DA:21,1
DA:22,1
DA:23,1
DA:24,1
DA:25,1
DA:26,1
DA:30,2
DA:50,4
DA:51,4
DA:52,1
DA:54,3
DA:65,27
LF:14
LH:14
BRDA:51,0,0,1
BRDA:51,0,1,3
BRDA:51,1,0,4
BRDA:51,1,1,3
BRDA:51,1,2,3
BRF:5
BRH:5
end_of_record
TN:
SF:models\Keys.js
FN:21,(anonymous_0)
FN:31,(anonymous_1)
FNF:2
FNH:2
FNDA:4,(anonymous_0)
FNDA:1,(anonymous_1)
DA:1,27
DA:22,4
DA:23,4
DA:24,4
DA:25,4
DA:26,4
DA:27,4
DA:28,4
DA:32,1
DA:43,27
LF:10
LH:10
BRF:0
BRH:0
end_of_record
TN:
SF:models\Subscriptions.js
FN:27,(anonymous_0)
FN:43,(anonymous_1)
FN:56,(anonymous_2)
FNF:3
FNH:3
FNDA:4,(anonymous_0)
FNDA:3,(anonymous_1)
FNDA:1,(anonymous_2)
DA:1,27
DA:2,27
DA:3,27
DA:4,27
DA:28,4
DA:29,4
DA:30,4
DA:31,4
DA:32,4
DA:33,4
DA:34,4
DA:35,4
DA:44,3
DA:57,1
DA:69,27
LF:15
LH:15
BRF:0
BRH:0
end_of_record
TN:
SF:models\UserToken.js
FN:26,(anonymous_0)
FN:43,(anonymous_1)
FN:60,(anonymous_2)
FN:72,(anonymous_3)
FNF:4
FNH:4
FNDA:14,(anonymous_0)
FNDA:8,(anonymous_1)
FNDA:4,(anonymous_2)
FNDA:7,(anonymous_3)
DA:1,27
DA:2,27
DA:3,27
DA:4,27
DA:5,27
DA:27,14
DA:28,14
DA:29,14
DA:30,14
DA:31,14
DA:32,14
DA:33,14
DA:44,8
DA:45,8
DA:62,4
DA:63,4
DA:64,4
DA:65,4
DA:66,4
DA:73,7
DA:77,27
LF:21
LH:21
BRDA:44,0,0,1
BRDA:44,0,1,7
BRDA:62,1,0,0
BRDA:62,1,1,4
BRDA:63,2,0,4
BRDA:63,2,1,0
BRF:6
BRH:4
end_of_record
TN:
SF:models\Users.js
FN:34,(anonymous_0)
FN:47,(anonymous_1)
FN:68,(anonymous_2)
FN:95,(anonymous_3)
FN:103,(anonymous_4)
FNF:5
FNH:5
FNDA:53,(anonymous_0)
FNDA:76,(anonymous_1)
FNDA:3,(anonymous_2)
FNDA:6,(anonymous_3)
FNDA:71,(anonymous_4)
DA:1,27
DA:2,27
DA:3,27
DA:4,27
DA:5,27
DA:6,27
DA:35,53
DA:36,53
DA:37,53
DA:38,53
DA:39,53
DA:40,53
DA:41,53
DA:42,53
DA:43,53
DA:44,53
DA:48,76
DA:69,3
DA:70,3
DA:71,3
DA:72,1
DA:74,2
DA:75,1
DA:87,1
DA:96,6
DA:97,6
DA:104,71
DA:110,27
LF:28
LH:28
BRDA:43,0,0,53
BRDA:43,0,1,51
BRDA:71,1,0,1
BRDA:71,1,1,2
BRDA:71,2,0,3
BRDA:71,2,1,2
BRDA:71,2,2,2
BRDA:71,2,3,2
BRF:8
BRH:8
end_of_record
TN:
SF:models\index.js
FNF:0
FNH:0
DA:1,27
DA:2,27
DA:3,27
DA:4,27
DA:5,27
DA:6,27
DA:8,27
LF:7
LH:7
BRF:0
BRH:0
end_of_record
TN:
SF:routes\admin.js
FNF:0
FNH:0
DA:1,19
DA:2,19
DA:3,19
DA:4,19
DA:5,19
DA:6,19
DA:9,19
DA:15,19
DA:22,19
DA:27,19
LF:10
LH:10
BRF:0
BRH:0
end_of_record
TN:
SF:routes\auth.js
FNF:0
FNH:0
DA:1,19
DA:2,19
DA:3,19
DA:4,19
DA:5,19
DA:6,19
DA:7,19
DA:9,19
DA:10,19
DA:11,19
DA:12,19
DA:13,19
DA:14,19
DA:15,19
DA:17,19
LF:15
LH:15
BRF:0
BRH:0
end_of_record
TN:
SF:routes\business.js
FNF:0
FNH:0
DA:1,19
DA:2,19
DA:4,19
DA:6,19
LF:4
LH:4
BRF:0
BRH:0
end_of_record
TN:
SF:routes\index.js
FN:10,(anonymous_0)
FNF:1
FNH:1
FNDA:147,(anonymous_0)
DA:1,19
DA:2,19
DA:3,19
DA:4,19
DA:5,19
DA:6,19
DA:7,19
DA:9,19
DA:11,147
DA:16,129
DA:18,18
DA:24,19
DA:25,19
DA:26,19
DA:27,19
DA:28,19
DA:29,19
DA:31,19
LF:18
LH:18
BRDA:11,0,0,129
BRDA:11,0,1,18
BRDA:12,1,0,147
BRDA:12,1,1,147
BRDA:12,1,2,118
BRF:5
BRH:5
end_of_record
TN:
SF:routes\public.js
FNF:0
FNH:0
DA:1,19
DA:2,19
DA:3,19
DA:5,19
DA:6,19
DA:8,19
LF:6
LH:6
BRF:0
BRH:0
end_of_record
TN:
SF:routes\user.js
FNF:0
FNH:0
DA:1,19
DA:2,19
DA:3,19
DA:4,19
DA:5,19
DA:6,19
DA:7,19
DA:8,19
DA:10,19
DA:11,19
DA:12,19
DA:13,19
DA:14,19
DA:15,19
DA:17,19
LF:15
LH:15
BRF:0
BRH:0
end_of_record
TN:
SF:services\ContactUs.js
FN:11,formExists
FN:29,createForm
FNF:2
FNH:2
FNDA:5,formExists
FNDA:4,createForm
DA:1,24
DA:2,24
DA:3,24
DA:4,24
DA:12,5
DA:13,5
DA:14,4
DA:15,2
DA:18,1
DA:30,4
DA:31,4
DA:41,4
DA:42,3
DA:43,2
DA:44,2
DA:47,1
DA:51,24
LF:17
LH:17
BRDA:14,0,0,2
BRDA:14,0,1,2
BRDA:42,1,0,1
BRDA:42,1,1,2
BRF:4
BRH:4
end_of_record
TN:
SF:services\Images.js
FN:14,uploadToS3
FN:30,fetchImageByCompanyFree
FN:32,(anonymous_2)
FN:48,getImagesByUserId
FN:52,(anonymous_4)
FN:66,createImageData
FNF:6
FNH:6
FNDA:2,uploadToS3
FNDA:3,fetchImageByCompanyFree
FNDA:3,(anonymous_2)
FNDA:3,getImagesByUserId
FNDA:1,(anonymous_4)
FNDA:4,createImageData
DA:1,21
DA:2,21
DA:3,21
DA:4,21
DA:6,21
DA:15,2
DA:21,2
DA:22,2
DA:23,1
DA:25,1
DA:26,1
DA:31,3
DA:32,3
DA:33,3
DA:35,2
DA:36,1
DA:37,1
DA:38,1
DA:39,1
DA:41,2
DA:44,1
DA:49,3
DA:50,3
DA:51,2
DA:52,1
DA:53,1
DA:60,1
DA:62,1
DA:67,4
DA:68,4
DA:73,4
DA:74,3
DA:75,2
DA:76,1
DA:82,1
DA:83,1
DA:87,21
LF:37
LH:37
BRDA:30,0,0,0
BRDA:35,1,0,1
BRDA:35,1,1,1
BRDA:51,2,0,1
BRDA:51,2,1,1
BRDA:73,3,0,1
BRDA:73,3,1,3
BRDA:75,4,0,1
BRDA:75,4,1,1
BRF:9
BRH:8
end_of_record
TN:
SF:services\Keys.js
FN:6,createKey
FN:26,fetchKeysByuserid
FN:31,(anonymous_2)
FN:38,isAPIKeyPresent
FN:48,destroyKey
FNF:5
FNH:5
FNDA:3,createKey
FNDA:3,fetchKeysByuserid
FNDA:1,(anonymous_2)
FNDA:3,isAPIKeyPresent
FNDA:2,destroyKey
DA:1,21
DA:2,21
DA:3,21
DA:4,21
DA:7,3
DA:8,3
DA:18,3
DA:19,2
DA:20,2
DA:22,1
DA:27,3
DA:28,3
DA:29,2
DA:31,1
DA:32,1
DA:34,1
DA:39,3
DA:40,3
DA:41,2
DA:42,1
DA:44,1
DA:49,2
DA:50,2
DA:51,1
DA:53,1
DA:57,21
LF:26
LH:26
BRDA:29,0,0,1
BRDA:29,0,1,1
BRDA:41,1,0,1
BRDA:41,1,1,1
BRF:4
BRH:4
end_of_record
TN:
SF:services\Subscriptions.js
FN:7,createSubscription
FN:21,fetchSubscriptionByuserid
FNF:2
FNH:2
FNDA:3,createSubscription
FNDA:3,fetchSubscriptionByuserid
DA:1,21
DA:2,21
DA:8,3
DA:9,3
DA:10,3
DA:14,2
DA:15,2
DA:17,1
DA:22,3
DA:23,3
DA:30,2
DA:31,1
DA:33,1
DA:35,1
DA:39,21
LF:15
LH:15
BRDA:30,0,0,1
BRDA:30,0,1,1
BRF:2
BRH:2
end_of_record
TN:
SF:services\UserToken.js
FN:9,createForgotToken
FN:26,deleteUserToken
FN:36,createVerifyToken
FN:49,fetchTokenFromId
FN:65,fetchTokenFromUserid
FN:74,(anonymous_5)
FNF:6
FNH:6
FNDA:4,createForgotToken
FNDA:2,deleteUserToken
FNDA:3,createVerifyToken
FNDA:3,fetchTokenFromId
FNDA:2,fetchTokenFromUserid
FNDA:1,(anonymous_5)
DA:1,20
DA:2,20
DA:3,20
DA:10,4
DA:11,4
DA:12,4
DA:15,3
DA:16,2
DA:18,1
DA:27,2
DA:28,2
DA:29,1
DA:37,3
DA:38,3
DA:39,3
DA:42,2
DA:43,1
DA:45,1
DA:50,3
DA:51,3
DA:54,2
DA:55,1
DA:56,1
DA:61,1
DA:66,2
DA:67,2
DA:68,2
DA:74,1
DA:75,1
DA:77,1
DA:79,1
DA:83,20
LF:32
LH:32
BRDA:15,0,0,1
BRDA:15,0,1,2
BRDA:28,1,0,1
BRDA:28,1,1,1
BRDA:42,2,0,1
BRDA:42,2,1,1
BRDA:54,3,0,1
BRDA:54,3,1,1
BRF:8
BRH:8
end_of_record
TN:
SF:services\Users.js
FN:13,emailRecordExists
FN:25,fetchUsers
FN:29,(anonymous_2)
FN:43,fetchUserByEmail
FN:67,createUser
FN:93,fetchUserFromId
FN:109,updatePasswordbyUser
FN:121,verifyUser
FN:131,updateUser
FN:148,deleteUserAccount
FN:150,(anonymous_10)
FN:164,(anonymous_11)
FN:172,(anonymous_12)
FNF:13
FNH:13
FNDA:5,emailRecordExists
FNDA:4,fetchUsers
FNDA:6,(anonymous_2)
FNDA:3,fetchUserByEmail
FNDA:4,createUser
FNDA:3,fetchUserFromId
FNDA:2,updatePasswordbyUser
FNDA:3,verifyUser
FNDA:3,updateUser
FNDA:3,deleteUserAccount
FNDA:2,(anonymous_10)
FNDA:3,(anonymous_11)
FNDA:1,(anonymous_12)
DA:1,15
DA:2,15
DA:3,15
DA:4,15
DA:5,15
DA:6,15
DA:14,5
DA:15,5
DA:16,4
DA:18,1
DA:26,4
DA:27,4
DA:28,3
DA:29,6
DA:31,3
DA:35,1
DA:44,3
DA:45,3
DA:48,2
DA:49,1
DA:53,1
DA:55,1
DA:68,4
DA:69,4
DA:70,4
DA:76,4
DA:77,3
DA:81,2
DA:82,1
DA:83,1
DA:85,1
DA:94,3
DA:95,3
DA:98,2
DA:100,1
DA:105,1
DA:110,2
DA:111,2
DA:115,1
DA:117,1
DA:122,3
DA:123,3
DA:124,2
DA:125,1
DA:127,1
DA:132,3
DA:133,3
DA:134,3
DA:135,3
DA:140,3
DA:141,2
DA:142,1
DA:144,1
DA:149,3
DA:150,3
DA:151,2
DA:154,2
DA:155,1
DA:156,1
DA:159,2
DA:164,3
DA:166,2
DA:171,2
DA:172,1
DA:176,1
DA:180,15
LF:66
LH:66
BRDA:48,0,0,1
BRDA:48,0,1,1
BRDA:76,1,0,1
BRDA:76,1,1,3
BRDA:81,2,0,1
BRDA:81,2,1,1
BRDA:98,3,0,1
BRDA:98,3,1,1
BRDA:124,4,0,1
BRDA:124,4,1,1
BRDA:141,5,0,1
BRDA:141,5,1,1
BRDA:154,6,0,1
BRDA:154,6,1,1
BRDA:171,7,0,1
BRDA:171,7,1,1
BRF:16
BRH:16
end_of_record
TN:
SF:services\admin.js
FN:4,setUserAdmin
FNF:1
FNH:1
FNDA:4,setUserAdmin
DA:1,24
DA:2,24
DA:5,4
DA:6,4
DA:9,3
DA:10,2
DA:11,2
DA:12,1
DA:17,1
DA:18,1
DA:19,1
DA:20,1
DA:25,1
DA:29,24
LF:14
LH:14
BRDA:9,0,0,1
BRDA:9,0,1,2
BRDA:11,1,0,1
BRDA:11,1,1,1
BRF:4
BRH:4
end_of_record
TN:
SF:services\index.js
FNF:0
FNH:0
DA:1,25
DA:2,25
DA:3,25
DA:4,25
DA:6,25
DA:8,25
DA:9,25
DA:10,25
DA:11,25
DA:12,25
DA:13,25
DA:14,25
DA:15,25
DA:16,25
DA:18,25
LF:15
LH:15
BRF:0
BRH:0
end_of_record
TN:
SF:utils\cloudFront.js
FN:5,cloudFrontSignedURL
FNF:1
FNH:1
FNDA:2,cloudFrontSignedURL
DA:1,21
DA:3,21
DA:6,2
DA:7,2
DA:8,1
DA:18,1
DA:24,21
LF:7
LH:7
BRDA:7,0,0,1
BRDA:7,0,1,1
BRF:2
BRH:2
end_of_record
TN:
SF:utils\constants.js
FNF:0
FNH:0
DA:5,27
DA:10,27
DA:15,27
DA:21,27
LF:4
LH:4
BRF:0
BRH:0
end_of_record
TN:
SF:utils\date.js
FN:7,normalizeDate
FNF:1
FNH:1
FNDA:160,normalizeDate
DA:1,28
DA:8,160
DA:10,15
DA:11,12
DA:13,3
DA:15,2
DA:18,28
LF:7
LH:7
BRDA:8,0,0,145
BRDA:8,0,1,15
BRDA:10,1,0,12
BRDA:10,1,1,3
BRDA:13,2,0,1
BRDA:13,2,1,2
BRF:6
BRH:6
end_of_record
TN:
SF:utils\firestore.js
FNF:0
FNH:0
DA:1,26
DA:2,26
DA:3,26
DA:6,26
DA:7,26
DA:9,26
DA:10,0
DA:12,26
DA:29,26
DA:30,26
DA:31,26
DA:35,0
DA:40,26
DA:41,26
DA:42,26
DA:43,26
DA:44,26
DA:45,26
DA:46,26
DA:48,26
LF:20
LH:18
BRDA:9,0,0,0
BRDA:9,0,1,26
BRDA:16,1,0,0
BRDA:16,1,1,26
BRDA:29,2,0,26
BRDA:29,2,1,0
BRDA:29,3,0,26
BRDA:29,3,1,0
BRF:8
BRH:4
end_of_record
TN:
SF:utils\sendEmail.js
FN:12,sendEmail
FNF:1
FNH:1
FNDA:2,sendEmail
DA:1,18
DA:13,2
DA:14,2
DA:24,2
DA:30,1
DA:32,1
DA:33,1
DA:37,18
LF:8
LH:8
BRF:0
BRH:0
end_of_record
TN:
SF:utils\mocks\Images.js
FNF:0
FNH:0
DA:1,1
DA:4,1
DA:19,1
LF:3
LH:3
BRF:0
BRH:0
end_of_record
TN:
SF:utils\mocks\Keys.js
FNF:0
FNH:0
DA:1,3
DA:3,3
DA:15,3
LF:3
LH:3
BRF:0
BRH:0
end_of_record
TN:
SF:utils\mocks\Subscriptions.js
FNF:0
FNH:0
DA:1,2
DA:2,2
DA:9,2
DA:42,2
LF:4
LH:4
BRF:0
BRH:0
end_of_record
TN:
SF:utils\mocks\UserToken.js
FNF:0
FNH:0
DA:1,5
DA:2,5
DA:10,5
DA:45,5
LF:4
LH:4
BRF:0
BRH:0
end_of_record
TN:
SF:utils\mocks\Users.js
FNF:0
FNH:0
DA:1,16
DA:2,16
DA:3,16
DA:8,16
DA:44,16
LF:5
LH:5
BRF:0
BRH:0
end_of_record
TN:
SF:utils\mocks\contactUs.js
FNF:0
FNH:0
DA:1,2
DA:3,2
DA:26,2
LF:3
LH:3
BRF:0
BRH:0
end_of_record
TN:
SF:utils\scripts\envSchema.js
FN:48,(anonymous_0)
FNF:1
FNH:1
FNDA:16,(anonymous_0)
DA:1,1
DA:3,1
DA:29,1
DA:48,1
DA:49,16
DA:50,7
DA:52,9
DA:55,1
LF:8
LH:8
BRDA:48,0,0,2
BRDA:49,1,0,7
BRDA:49,1,1,9
BRF:3
BRH:3
end_of_record
